<?xml version="1.0" encoding="UTF-8"?>
<testsuite name="mykotlinpackage.test.RestServicesIT" tests="3" skipped="0" failures="0" errors="0" timestamp="2022-09-15T17:35:03" hostname="fv-az220-516" time="1.803">
  <properties/>
  <testcase name="testScrud()" classname="mykotlinpackage.test.RestServicesIT" time="1.655"/>
  <testcase name="testScrudForEmbeddedId()" classname="mykotlinpackage.test.RestServicesIT" time="1.752"/>
  <testcase name="testScrudForIdType()" classname="mykotlinpackage.test.RestServicesIT" time="0.144"/>
  <system-out><![CDATA[17:34:54.028 [ForkJoinPool-1-worker-3] DEBUG org.springframework.test.context.BootstrapUtils - Instantiating CacheAwareContextLoaderDelegate from class [org.springframework.test.context.cache.DefaultCacheAwareContextLoaderDelegate]
17:34:54.041 [ForkJoinPool-1-worker-3] DEBUG org.springframework.test.context.BootstrapUtils - Instantiating BootstrapContext using constructor [public org.springframework.test.context.support.DefaultBootstrapContext(java.lang.Class,org.springframework.test.context.CacheAwareContextLoaderDelegate)]
17:34:54.075 [ForkJoinPool-1-worker-3] DEBUG org.springframework.test.context.BootstrapUtils - Instantiating TestContextBootstrapper for test class [mykotlinpackage.test.RestServicesIT] from class [org.springframework.boot.test.context.SpringBootTestContextBootstrapper]
17:34:54.089 [ForkJoinPool-1-worker-3] INFO org.springframework.boot.test.context.SpringBootTestContextBootstrapper - Neither @ContextConfiguration nor @ContextHierarchy found for test class [mykotlinpackage.test.RestServicesIT], using SpringBootContextLoader
17:34:54.094 [ForkJoinPool-1-worker-3] DEBUG org.springframework.test.context.support.AbstractContextLoader - Did not detect default resource location for test class [mykotlinpackage.test.RestServicesIT]: class path resource [mykotlinpackage/test/RestServicesIT-context.xml] does not exist
17:34:54.095 [ForkJoinPool-1-worker-3] DEBUG org.springframework.test.context.support.AbstractContextLoader - Did not detect default resource location for test class [mykotlinpackage.test.RestServicesIT]: class path resource [mykotlinpackage/test/RestServicesITContext.groovy] does not exist
17:34:54.096 [ForkJoinPool-1-worker-3] INFO org.springframework.test.context.support.AbstractContextLoader - Could not detect default resource locations for test class [mykotlinpackage.test.RestServicesIT]: no resource found for suffixes {-context.xml, Context.groovy}.
17:34:54.159 [ForkJoinPool-1-worker-3] DEBUG org.springframework.test.context.support.ActiveProfilesUtils - Could not find an 'annotation declaring class' for annotation type [org.springframework.test.context.ActiveProfiles] and class [mykotlinpackage.test.RestServicesIT]
17:34:54.338 [ForkJoinPool-1-worker-3] DEBUG org.springframework.boot.test.context.SpringBootTestContextBootstrapper - @TestExecutionListeners is not present for class [mykotlinpackage.test.RestServicesIT]: using defaults.
17:34:54.347 [ForkJoinPool-1-worker-3] INFO org.springframework.boot.test.context.SpringBootTestContextBootstrapper - Loaded default TestExecutionListener class names from location [META-INF/spring.factories]: [org.springframework.boot.test.autoconfigure.restdocs.RestDocsTestExecutionListener, org.springframework.boot.test.autoconfigure.web.client.MockRestServiceServerResetTestExecutionListener, org.springframework.boot.test.autoconfigure.web.servlet.MockMvcPrintOnlyOnFailureTestExecutionListener, org.springframework.boot.test.autoconfigure.web.servlet.WebDriverTestExecutionListener, org.springframework.boot.test.autoconfigure.webservices.client.MockWebServiceServerTestExecutionListener, org.springframework.boot.test.mock.mockito.MockitoTestExecutionListener, org.springframework.boot.test.mock.mockito.ResetMocksTestExecutionListener, org.springframework.test.context.web.ServletTestExecutionListener, org.springframework.test.context.support.DirtiesContextBeforeModesTestExecutionListener, org.springframework.test.context.event.ApplicationEventsTestExecutionListener, org.springframework.test.context.support.DependencyInjectionTestExecutionListener, org.springframework.test.context.support.DirtiesContextTestExecutionListener, org.springframework.test.context.transaction.TransactionalTestExecutionListener, org.springframework.test.context.jdbc.SqlScriptsTestExecutionListener, org.springframework.test.context.event.EventPublishingTestExecutionListener]
17:34:54.362 [ForkJoinPool-1-worker-3] INFO org.springframework.boot.test.context.SpringBootTestContextBootstrapper - Using TestExecutionListeners: [org.springframework.test.context.web.ServletTestExecutionListener@5a161aa2, org.springframework.test.context.support.DirtiesContextBeforeModesTestExecutionListener@4f599ffc, org.springframework.test.context.event.ApplicationEventsTestExecutionListener@128693c7, org.springframework.boot.test.mock.mockito.MockitoTestExecutionListener@117884c1, org.springframework.boot.test.autoconfigure.SpringBootDependencyInjectionTestExecutionListener@7b515f46, org.springframework.test.context.support.DirtiesContextTestExecutionListener@787489af, org.springframework.test.context.transaction.TransactionalTestExecutionListener@5e4a25cd, org.springframework.test.context.jdbc.SqlScriptsTestExecutionListener@b41ec49, org.springframework.test.context.event.EventPublishingTestExecutionListener@7a1b3908, org.springframework.boot.test.autoconfigure.restdocs.RestDocsTestExecutionListener@267efe15, org.springframework.boot.test.autoconfigure.web.client.MockRestServiceServerResetTestExecutionListener@2995d35a, org.springframework.boot.test.autoconfigure.web.servlet.MockMvcPrintOnlyOnFailureTestExecutionListener@2d324185, org.springframework.boot.test.autoconfigure.web.servlet.WebDriverTestExecutionListener@e42ee52, org.springframework.boot.test.autoconfigure.webservices.client.MockWebServiceServerTestExecutionListener@5f1d27d9, org.springframework.boot.test.mock.mockito.ResetMocksTestExecutionListener@58152063]
17:34:54.367 [ForkJoinPool-1-worker-3] DEBUG org.springframework.test.context.support.AbstractDirtiesContextTestExecutionListener - Before test class: context [DefaultTestContext@2befec4d testClass = RestServicesIT, testInstance = [null], testMethod = [null], testException = [null], mergedContextConfiguration = [WebMergedContextConfiguration@2cc65e3a testClass = RestServicesIT, locations = '{}', classes = '{class mykotlinpackage.ScrudBeansSampleApplication}', contextInitializerClasses = '[]', activeProfiles = '{}', propertySourceLocations = '{}', propertySourceProperties = '{org.springframework.boot.test.context.SpringBootTestContextBootstrapper=true, server.port=0}', contextCustomizers = set[org.springframework.boot.test.autoconfigure.actuate.metrics.MetricsExportContextCustomizerFactory$DisableMetricExportContextCustomizer@61d45b3b, org.springframework.boot.test.autoconfigure.properties.PropertyMappingContextCustomizer@0, org.springframework.boot.test.autoconfigure.web.servlet.WebDriverContextCustomizerFactory$Customizer@213648bc, [ImportsContextCustomizer@5f632708 key = [@org.springframework.boot.test.context.SpringBootTest(args={}, webEnvironment=RANDOM_PORT, value={}, properties={}, classes={mykotlinpackage.ScrudBeansSampleApplication.class}), @org.springframework.context.annotation.Import(value={org.springframework.data.jpa.repository.config.JpaAuditingRegistrar.class}), @org.springframework.test.context.BootstrapWith(value=org.springframework.boot.test.context.SpringBootTestContextBootstrapper.class), @org.springframework.data.jpa.repository.config.EnableJpaAuditing(auditorAwareRef="", setDates=true, modifyOnCreate=true, dateTimeProviderRef="")]], org.springframework.boot.test.context.filter.ExcludeFilterContextCustomizer@5fcb60ab, org.springframework.boot.test.json.DuplicateJsonObjectContextCustomizerFactory$DuplicateJsonObjectContextCustomizer@16810741, org.springframework.boot.test.mock.mockito.MockitoContextCustomizer@0, org.springframework.boot.test.web.client.TestRestTemplateContextCustomizer@6709ce31, org.springframework.boot.test.context.SpringBootTestArgs@1, org.springframework.boot.test.context.SpringBootTestWebEnvironment@5f0fd5a0], resourceBasePath = 'src/main/webapp', contextLoader = 'org.springframework.boot.test.context.SpringBootContextLoader', parent = [null]], attributes = map['org.springframework.test.context.web.ServletTestExecutionListener.activateListener' -> false]], class annotated with @DirtiesContext [false] with mode [null].
17:34:54.387 [ForkJoinPool-1-worker-3] DEBUG org.springframework.test.context.support.DependencyInjectionTestExecutionListener - Performing dependency injection for test context [[DefaultTestContext@2befec4d testClass = RestServicesIT, testInstance = mykotlinpackage.test.RestServicesIT@18ea466f, testMethod = [null], testException = [null], mergedContextConfiguration = [WebMergedContextConfiguration@2cc65e3a testClass = RestServicesIT, locations = '{}', classes = '{class mykotlinpackage.ScrudBeansSampleApplication}', contextInitializerClasses = '[]', activeProfiles = '{}', propertySourceLocations = '{}', propertySourceProperties = '{org.springframework.boot.test.context.SpringBootTestContextBootstrapper=true, server.port=0}', contextCustomizers = set[org.springframework.boot.test.autoconfigure.actuate.metrics.MetricsExportContextCustomizerFactory$DisableMetricExportContextCustomizer@61d45b3b, org.springframework.boot.test.autoconfigure.properties.PropertyMappingContextCustomizer@0, org.springframework.boot.test.autoconfigure.web.servlet.WebDriverContextCustomizerFactory$Customizer@213648bc, [ImportsContextCustomizer@5f632708 key = [@org.springframework.boot.test.context.SpringBootTest(args={}, webEnvironment=RANDOM_PORT, value={}, properties={}, classes={mykotlinpackage.ScrudBeansSampleApplication.class}), @org.springframework.context.annotation.Import(value={org.springframework.data.jpa.repository.config.JpaAuditingRegistrar.class}), @org.springframework.test.context.BootstrapWith(value=org.springframework.boot.test.context.SpringBootTestContextBootstrapper.class), @org.springframework.data.jpa.repository.config.EnableJpaAuditing(auditorAwareRef="", setDates=true, modifyOnCreate=true, dateTimeProviderRef="")]], org.springframework.boot.test.context.filter.ExcludeFilterContextCustomizer@5fcb60ab, org.springframework.boot.test.json.DuplicateJsonObjectContextCustomizerFactory$DuplicateJsonObjectContextCustomizer@16810741, org.springframework.boot.test.mock.mockito.MockitoContextCustomizer@0, org.springframework.boot.test.web.client.TestRestTemplateContextCustomizer@6709ce31, org.springframework.boot.test.context.SpringBootTestArgs@1, org.springframework.boot.test.context.SpringBootTestWebEnvironment@5f0fd5a0], resourceBasePath = 'src/main/webapp', contextLoader = 'org.springframework.boot.test.context.SpringBootContextLoader', parent = [null]], attributes = map['org.springframework.test.context.web.ServletTestExecutionListener.activateListener' -> false, 'org.springframework.test.context.event.ApplicationEventsTestExecutionListener.recordApplicationEvents' -> false]]].
17:34:54.400 [ForkJoinPool-1-worker-1] DEBUG org.springframework.test.context.support.DependencyInjectionTestExecutionListener - Performing dependency injection for test context [[DefaultTestContext@74c758ab testClass = RestServicesIT, testInstance = mykotlinpackage.test.RestServicesIT@3f5d7b30, testMethod = [null], testException = [null], mergedContextConfiguration = [WebMergedContextConfiguration@2cc65e3a testClass = RestServicesIT, locations = '{}', classes = '{class mykotlinpackage.ScrudBeansSampleApplication}', contextInitializerClasses = '[]', activeProfiles = '{}', propertySourceLocations = '{}', propertySourceProperties = '{org.springframework.boot.test.context.SpringBootTestContextBootstrapper=true, server.port=0}', contextCustomizers = set[org.springframework.boot.test.autoconfigure.actuate.metrics.MetricsExportContextCustomizerFactory$DisableMetricExportContextCustomizer@61d45b3b, org.springframework.boot.test.autoconfigure.properties.PropertyMappingContextCustomizer@0, org.springframework.boot.test.autoconfigure.web.servlet.WebDriverContextCustomizerFactory$Customizer@213648bc, [ImportsContextCustomizer@5f632708 key = [@org.springframework.boot.test.context.SpringBootTest(args={}, webEnvironment=RANDOM_PORT, value={}, properties={}, classes={mykotlinpackage.ScrudBeansSampleApplication.class}), @org.springframework.context.annotation.Import(value={org.springframework.data.jpa.repository.config.JpaAuditingRegistrar.class}), @org.springframework.test.context.BootstrapWith(value=org.springframework.boot.test.context.SpringBootTestContextBootstrapper.class), @org.springframework.data.jpa.repository.config.EnableJpaAuditing(auditorAwareRef="", setDates=true, modifyOnCreate=true, dateTimeProviderRef="")]], org.springframework.boot.test.context.filter.ExcludeFilterContextCustomizer@5fcb60ab, org.springframework.boot.test.json.DuplicateJsonObjectContextCustomizerFactory$DuplicateJsonObjectContextCustomizer@16810741, org.springframework.boot.test.mock.mockito.MockitoContextCustomizer@0, org.springframework.boot.test.web.client.TestRestTemplateContextCustomizer@6709ce31, org.springframework.boot.test.context.SpringBootTestArgs@1, org.springframework.boot.test.context.SpringBootTestWebEnvironment@5f0fd5a0], resourceBasePath = 'src/main/webapp', contextLoader = 'org.springframework.boot.test.context.SpringBootContextLoader', parent = [null]], attributes = map['org.springframework.test.context.web.ServletTestExecutionListener.activateListener' -> false, 'org.springframework.test.context.event.ApplicationEventsTestExecutionListener.recordApplicationEvents' -> false]]].

  .   ____          _            __ _ _
 /\\ / ___'_ __ _ _(_)_ __  __ _ \ \ \ \
( ( )\___ | '_ | '_| | '_ \/ _` | \ \ \ \
 \\/  ___)| |_)| | | | | || (_| |  ) ) ) )
  '  |____| .__|_| |_|_| |_\__, | / / / /
 =========|_|==============|___/=/_/_/_/
 :: Spring Boot ::                (v2.7.0)

2022-09-15 17:34:55.025  INFO 2728 --- [Pool-1-worker-3] mykotlinpackage.test.RestServicesIT      : Starting RestServicesIT using Java 11.0.16 on fv-az220-516 with PID 2728 (started by runner in /home/runner/work/scrudbeans/scrudbeans/scrudbeans-integration-tests-kotlin)
2022-09-15 17:34:55.026 DEBUG 2728 --- [Pool-1-worker-3] mykotlinpackage.test.RestServicesIT      : Running with Spring Boot v2.7.0, Spring v5.3.20
2022-09-15 17:34:55.026  INFO 2728 --- [Pool-1-worker-3] mykotlinpackage.test.RestServicesIT      : No active profile set, falling back to 1 default profile: "default"
2022-09-15 17:34:56.159  INFO 2728 --- [Pool-1-worker-3] .s.d.r.c.RepositoryConfigurationDelegate : Bootstrapping Spring Data JPA repositories in DEFAULT mode.
2022-09-15 17:34:56.335  INFO 2728 --- [Pool-1-worker-3] .s.d.r.c.RepositoryConfigurationDelegate : Finished Spring Data repository scanning in 161 ms. Found 6 JPA repository interfaces.
2022-09-15 17:34:57.590  INFO 2728 --- [Pool-1-worker-3] o.s.b.w.embedded.tomcat.TomcatWebServer  : Tomcat initialized with port(s): 0 (http)
2022-09-15 17:34:57.602  INFO 2728 --- [Pool-1-worker-3] o.apache.catalina.core.StandardService   : Starting service [Tomcat]
2022-09-15 17:34:57.603  INFO 2728 --- [Pool-1-worker-3] org.apache.catalina.core.StandardEngine  : Starting Servlet engine: [Apache Tomcat/9.0.63]
2022-09-15 17:34:57.717  INFO 2728 --- [Pool-1-worker-3] o.a.c.c.C.[Tomcat].[localhost].[/]       : Initializing Spring embedded WebApplicationContext
2022-09-15 17:34:57.718  INFO 2728 --- [Pool-1-worker-3] w.s.c.ServletWebServerApplicationContext : Root WebApplicationContext: initialization completed in 2659 ms
2022-09-15 17:34:57.842  INFO 2728 --- [Pool-1-worker-3] com.zaxxer.hikari.HikariDataSource       : HikariPool-1 - Starting...
2022-09-15 17:34:58.101  INFO 2728 --- [Pool-1-worker-3] com.zaxxer.hikari.HikariDataSource       : HikariPool-1 - Start completed.
2022-09-15 17:34:58.125  INFO 2728 --- [Pool-1-worker-3] o.s.b.a.h2.H2ConsoleAutoConfiguration    : H2 console available at '/h2-console'. Database available at 'jdbc:h2:mem:894c6916-2dc9-4b54-afeb-ad0fcc30cf67'
2022-09-15 17:34:58.429  INFO 2728 --- [Pool-1-worker-3] o.hibernate.jpa.internal.util.LogHelper  : HHH000204: Processing PersistenceUnitInfo [name: default]
2022-09-15 17:34:58.525  INFO 2728 --- [Pool-1-worker-3] org.hibernate.Version                    : HHH000412: Hibernate ORM core version 5.6.9.Final
2022-09-15 17:34:58.710  INFO 2728 --- [Pool-1-worker-3] o.hibernate.annotations.common.Version   : HCANN000001: Hibernate Commons Annotations {5.1.2.Final}
2022-09-15 17:34:58.904  INFO 2728 --- [Pool-1-worker-3] org.hibernate.dialect.Dialect            : HHH000400: Using dialect: org.hibernate.dialect.H2Dialect
2022-09-15 17:34:59.487  INFO 2728 --- [Pool-1-worker-3] o.h.e.t.j.p.i.JtaPlatformInitiator       : HHH000490: Using JtaPlatform implementation: [org.hibernate.engine.transaction.jta.platform.internal.NoJtaPlatform]
2022-09-15 17:34:59.498  INFO 2728 --- [Pool-1-worker-3] j.LocalContainerEntityManagerFactoryBean : Initialized JPA EntityManagerFactory for persistence unit 'default'
2022-09-15 17:35:01.189  WARN 2728 --- [Pool-1-worker-3] JpaBaseConfiguration$JpaWebConfiguration : spring.jpa.open-in-view is enabled by default. Therefore, database queries may be performed during view rendering. Explicitly configure spring.jpa.open-in-view to disable this warning
2022-09-15 17:35:01.228  INFO 2728 --- [Pool-1-worker-3] c.g.m.s.s.IdentifierAdapterRegistry      : Initializing with services: customerService, discountCodeService, orderLineService, orderService, productRelationshipService, productService
2022-09-15 17:35:01.842  INFO 2728 --- [Pool-1-worker-3] i.g.w.e.s.ErrorHandlingControllerAdvice  : Error Handling Spring Boot Starter active with 6 handlers
2022-09-15 17:35:02.130  INFO 2728 --- [Pool-1-worker-3] i.g.p.rsql.RSQLJPAAutoConfiguration      : RSQLJPAAutoConfiguration.rsqlCommonSupport(entityManagerMap:1)
2022-09-15 17:35:02.134  INFO 2728 --- [Pool-1-worker-3] i.g.perplexhub.rsql.RSQLCommonSupport    : 1 EntityManager bean is found: {org.springframework.orm.jpa.SharedEntityManagerCreator#0=Shared EntityManager proxy for target factory [org.springframework.orm.jpa.LocalContainerEntityManagerFactoryBean@391cbf85]}
2022-09-15 17:35:02.137  INFO 2728 --- [Pool-1-worker-3] i.g.perplexhub.rsql.RSQLCommonSupport    : RSQLCommonSupport [5.0.19]  is initialized
2022-09-15 17:35:02.683  INFO 2728 --- [Pool-1-worker-3] o.s.b.w.embedded.tomcat.TomcatWebServer  : Tomcat started on port(s): 41351 (http) with context path ''
2022-09-15 17:35:02.700  INFO 2728 --- [Pool-1-worker-3] mykotlinpackage.test.RestServicesIT      : Started RestServicesIT in 8.288 seconds (JVM running for 9.727)
2022-09-15 17:35:03.646  INFO 2728 --- [Pool-1-worker-3] .m.s.l.RequestResponseLoggingInterceptor : GET http://localhost:41351/api/rest/products?filter=name%3Dlike%3DLOTR%20 [Accept:"application/json, application/*+json", Content-Length:"0"]
2022-09-15 17:35:03.648  INFO 2728 --- [Pool-1-worker-3] .m.s.l.RequestResponseLoggingInterceptor : 
2022-09-15 17:35:03.649  INFO 2728 --- [Pool-1-worker-3] .m.s.l.RequestResponseLoggingInterceptor : GET http://localhost:41351/api/rest/products?filter=name%3Dlike%3DLOTR%20 [Accept:"application/json, application/*+json", Content-Length:"0"]
2022-09-15 17:35:03.650  INFO 2728 --- [Pool-1-worker-3] .m.s.l.RequestResponseLoggingInterceptor : 
2022-09-15 17:35:03.645  INFO 2728 --- [Pool-1-worker-1] .m.s.l.RequestResponseLoggingInterceptor : GET http://localhost:41351/api/rest/products?filter=name%3Dlike%3DLOTR%20 [Accept:"application/json, application/*+json", Content-Length:"0"]
2022-09-15 17:35:03.653  INFO 2728 --- [Pool-1-worker-1] .m.s.l.RequestResponseLoggingInterceptor : 
2022-09-15 17:35:03.653  INFO 2728 --- [Pool-1-worker-1] .m.s.l.RequestResponseLoggingInterceptor : GET http://localhost:41351/api/rest/products?filter=name%3Dlike%3DLOTR%20 [Accept:"application/json, application/*+json", Content-Length:"0"]
2022-09-15 17:35:03.653  INFO 2728 --- [Pool-1-worker-1] .m.s.l.RequestResponseLoggingInterceptor : 
2022-09-15 17:35:03.788  INFO 2728 --- [o-auto-1-exec-1] o.a.c.c.C.[Tomcat].[localhost].[/]       : Initializing Spring DispatcherServlet 'dispatcherServlet'
2022-09-15 17:35:03.789  INFO 2728 --- [o-auto-1-exec-1] o.s.web.servlet.DispatcherServlet        : Initializing Servlet 'dispatcherServlet'
2022-09-15 17:35:03.793  INFO 2728 --- [o-auto-1-exec-1] o.s.web.servlet.DispatcherServlet        : Completed initialization in 1 ms
2022-09-15 17:35:04.017  INFO 2728 --- [Pool-1-worker-1] .m.s.l.RequestResponseLoggingInterceptor : 200 OK  [Connection:"keep-alive", Content-Type:"application/json", Date:"Thu, 15 Sep 2022 17:35:03 GMT", Keep-Alive:"timeout=60", Transfer-Encoding:"chunked"]
2022-09-15 17:35:04.019  INFO 2728 --- [Pool-1-worker-3] .m.s.l.RequestResponseLoggingInterceptor : 200 OK  [Connection:"keep-alive", Content-Type:"application/json", Date:"Thu, 15 Sep 2022 17:35:03 GMT", Keep-Alive:"timeout=60", Transfer-Encoding:"chunked"]
2022-09-15 17:35:04.021  INFO 2728 --- [Pool-1-worker-1] .m.s.l.RequestResponseLoggingInterceptor : {"content":[{"id":"be6aeada-3af7-4c7a-8886-de8821924272","name":"LOTR 1","description":"Lord or the rings:  The Fellowship of the Ring","price":3.44,"version":0,"created":"2022-09-15T17:35:02.844694","updated":"2022-09-15T17:35:02.844694"},{"id":"3c62dd7b-898a-4547-b1e4-c39be5fd54c5","name":"LOTR 2","description":"Lord or the rings:  The Two Towers","price":3.44,"version":0,"created":"2022-09-15T17:35:02.846096","updated":"2022-09-15T17:35:02.846096"},{"id":"d2ea33c2-62f9-43fa-809d-6d263f928f56","name":"LOTR 3","description":"Lord or the rings:  The Return of the King","price":3.44,"version":0,"created":"2022-09-15T17:35:02.849672","updated":"2022-09-15T17:35:02.849672"}],"pageable":{"sort":{"unsorted":true,"sorted":false,"empty":true},"pageNumber":0,"pageSize":10,"offset":0,"paged":true,"unpaged":false},"last":true,"totalPages":1,"totalElements":3,"sort":{"unsorted":true,"sorted":false,"empty":true},"first":true,"numberOfElements":3,"size":10,"number":0,"empty":false}
2022-09-15 17:35:04.022  INFO 2728 --- [Pool-1-worker-1] .m.s.l.RequestResponseLoggingInterceptor : 200 OK  [Connection:"keep-alive", Content-Type:"application/json", Date:"Thu, 15 Sep 2022 17:35:03 GMT", Keep-Alive:"timeout=60", Transfer-Encoding:"chunked"]
2022-09-15 17:35:04.023  INFO 2728 --- [Pool-1-worker-1] .m.s.l.RequestResponseLoggingInterceptor : {"content":[{"id":"be6aeada-3af7-4c7a-8886-de8821924272","name":"LOTR 1","description":"Lord or the rings:  The Fellowship of the Ring","price":3.44,"version":0,"created":"2022-09-15T17:35:02.844694","updated":"2022-09-15T17:35:02.844694"},{"id":"3c62dd7b-898a-4547-b1e4-c39be5fd54c5","name":"LOTR 2","description":"Lord or the rings:  The Two Towers","price":3.44,"version":0,"created":"2022-09-15T17:35:02.846096","updated":"2022-09-15T17:35:02.846096"},{"id":"d2ea33c2-62f9-43fa-809d-6d263f928f56","name":"LOTR 3","description":"Lord or the rings:  The Return of the King","price":3.44,"version":0,"created":"2022-09-15T17:35:02.849672","updated":"2022-09-15T17:35:02.849672"}],"pageable":{"sort":{"unsorted":true,"sorted":false,"empty":true},"pageNumber":0,"pageSize":10,"offset":0,"paged":true,"unpaged":false},"last":true,"totalPages":1,"totalElements":3,"sort":{"unsorted":true,"sorted":false,"empty":true},"first":true,"numberOfElements":3,"size":10,"number":0,"empty":false}
2022-09-15 17:35:04.028  INFO 2728 --- [Pool-1-worker-3] .m.s.l.RequestResponseLoggingInterceptor : {"content":[{"id":"be6aeada-3af7-4c7a-8886-de8821924272","name":"LOTR 1","description":"Lord or the rings:  The Fellowship of the Ring","price":3.44,"version":0,"created":"2022-09-15T17:35:02.844694","updated":"2022-09-15T17:35:02.844694"},{"id":"3c62dd7b-898a-4547-b1e4-c39be5fd54c5","name":"LOTR 2","description":"Lord or the rings:  The Two Towers","price":3.44,"version":0,"created":"2022-09-15T17:35:02.846096","updated":"2022-09-15T17:35:02.846096"},{"id":"d2ea33c2-62f9-43fa-809d-6d263f928f56","name":"LOTR 3","description":"Lord or the rings:  The Return of the King","price":3.44,"version":0,"created":"2022-09-15T17:35:02.849672","updated":"2022-09-15T17:35:02.849672"}],"pageable":{"sort":{"unsorted":true,"sorted":false,"empty":true},"pageNumber":0,"pageSize":10,"offset":0,"paged":true,"unpaged":false},"last":true,"totalPages":1,"totalElements":3,"sort":{"unsorted":true,"sorted":false,"empty":true},"first":true,"numberOfElements":3,"size":10,"number":0,"empty":false}
2022-09-15 17:35:04.028  INFO 2728 --- [Pool-1-worker-3] .m.s.l.RequestResponseLoggingInterceptor : 200 OK  [Connection:"keep-alive", Content-Type:"application/json", Date:"Thu, 15 Sep 2022 17:35:03 GMT", Keep-Alive:"timeout=60", Transfer-Encoding:"chunked"]
2022-09-15 17:35:04.028  INFO 2728 --- [Pool-1-worker-3] .m.s.l.RequestResponseLoggingInterceptor : {"content":[{"id":"be6aeada-3af7-4c7a-8886-de8821924272","name":"LOTR 1","description":"Lord or the rings:  The Fellowship of the Ring","price":3.44,"version":0,"created":"2022-09-15T17:35:02.844694","updated":"2022-09-15T17:35:02.844694"},{"id":"3c62dd7b-898a-4547-b1e4-c39be5fd54c5","name":"LOTR 2","description":"Lord or the rings:  The Two Towers","price":3.44,"version":0,"created":"2022-09-15T17:35:02.846096","updated":"2022-09-15T17:35:02.846096"},{"id":"d2ea33c2-62f9-43fa-809d-6d263f928f56","name":"LOTR 3","description":"Lord or the rings:  The Return of the King","price":3.44,"version":0,"created":"2022-09-15T17:35:02.849672","updated":"2022-09-15T17:35:02.849672"}],"pageable":{"sort":{"unsorted":true,"sorted":false,"empty":true},"pageNumber":0,"pageSize":10,"offset":0,"paged":true,"unpaged":false},"last":true,"totalPages":1,"totalElements":3,"sort":{"unsorted":true,"sorted":false,"empty":true},"first":true,"numberOfElements":3,"size":10,"number":0,"empty":false}
2022-09-15 17:35:04.169 DEBUG 2728 --- [Pool-1-worker-3] mykotlinpackage.test.RestServicesIT      : Saving product relationship: mykotlinpackage.model.ProductRelationship@35b55807[id=mykotlinpackage.model.ProductRelationshipIdentifier@b9fd600a,description=Part of LOTR trilogy]
2022-09-15 17:35:04.181  INFO 2728 --- [Pool-1-worker-1] .m.s.l.RequestResponseLoggingInterceptor : POST http://localhost:41351/api/rest/orders [Accept:"application/json, application/*+json", Content-Type:"application/json", Content-Length:"127"]
2022-09-15 17:35:04.189  INFO 2728 --- [Pool-1-worker-1] .m.s.l.RequestResponseLoggingInterceptor : {"id":"62d91108-cca4-4bac-9f34-da277538b4ee","email":"foo@bar.baz","comment":null,"version":null,"created":null,"updated":null}
2022-09-15 17:35:04.190  INFO 2728 --- [Pool-1-worker-1] .m.s.l.RequestResponseLoggingInterceptor : POST http://localhost:41351/api/rest/orders [Accept:"application/json, application/*+json", Content-Type:"application/json", Content-Length:"127"]
2022-09-15 17:35:04.191  INFO 2728 --- [Pool-1-worker-1] .m.s.l.RequestResponseLoggingInterceptor : {"id":"62d91108-cca4-4bac-9f34-da277538b4ee","email":"foo@bar.baz","comment":null,"version":null,"created":null,"updated":null}
2022-09-15 17:35:04.210  INFO 2728 --- [Pool-1-worker-3] .m.s.l.RequestResponseLoggingInterceptor : POST http://localhost:41351/api/rest/productRelationships [Accept:"application/json, application/*+json", Content-Type:"application/json", Content-Length:"504"]
2022-09-15 17:35:04.210  INFO 2728 --- [Pool-1-worker-3] .m.s.l.RequestResponseLoggingInterceptor : {"id":{"left":{"id":"be6aeada-3af7-4c7a-8886-de8821924272","name":"LOTR 1","description":"Lord or the rings:  The Fellowship of the Ring","price":3.44,"version":0,"created":"2022-09-15T17:35:02.844694","updated":"2022-09-15T17:35:02.844694"},"right":{"id":"3c62dd7b-898a-4547-b1e4-c39be5fd54c5","name":"LOTR 2","description":"Lord or the rings:  The Two Towers","price":3.44,"version":0,"created":"2022-09-15T17:35:02.846096","updated":"2022-09-15T17:35:02.846096"}},"description":"Part of LOTR trilogy"}
2022-09-15 17:35:04.210  INFO 2728 --- [Pool-1-worker-3] .m.s.l.RequestResponseLoggingInterceptor : POST http://localhost:41351/api/rest/productRelationships [Accept:"application/json, application/*+json", Content-Type:"application/json", Content-Length:"504"]
2022-09-15 17:35:04.210  INFO 2728 --- [Pool-1-worker-3] .m.s.l.RequestResponseLoggingInterceptor : {"id":{"left":{"id":"be6aeada-3af7-4c7a-8886-de8821924272","name":"LOTR 1","description":"Lord or the rings:  The Fellowship of the Ring","price":3.44,"version":0,"created":"2022-09-15T17:35:02.844694","updated":"2022-09-15T17:35:02.844694"},"right":{"id":"3c62dd7b-898a-4547-b1e4-c39be5fd54c5","name":"LOTR 2","description":"Lord or the rings:  The Two Towers","price":3.44,"version":0,"created":"2022-09-15T17:35:02.846096","updated":"2022-09-15T17:35:02.846096"}},"description":"Part of LOTR trilogy"}
2022-09-15 17:35:04.213  INFO 2728 --- [Pool-1-worker-1] .m.s.l.RequestResponseLoggingInterceptor : 201 CREATED  [Connection:"keep-alive", Content-Type:"application/json", Date:"Thu, 15 Sep 2022 17:35:03 GMT", Keep-Alive:"timeout=60", Transfer-Encoding:"chunked"]
2022-09-15 17:35:04.216  INFO 2728 --- [Pool-1-worker-1] .m.s.l.RequestResponseLoggingInterceptor : {"id":"62d91108-cca4-4bac-9f34-da277538b4ee","email":"foo@bar.baz","comment":null,"version":0,"created":"2022-09-15T17:35:04.207881","updated":"2022-09-15T17:35:04.207881"}
2022-09-15 17:35:04.216  INFO 2728 --- [Pool-1-worker-1] .m.s.l.RequestResponseLoggingInterceptor : 201 CREATED  [Connection:"keep-alive", Content-Type:"application/json", Date:"Thu, 15 Sep 2022 17:35:03 GMT", Keep-Alive:"timeout=60", Transfer-Encoding:"chunked"]
2022-09-15 17:35:04.216  INFO 2728 --- [Pool-1-worker-1] .m.s.l.RequestResponseLoggingInterceptor : {"id":"62d91108-cca4-4bac-9f34-da277538b4ee","email":"foo@bar.baz","comment":null,"version":0,"created":"2022-09-15T17:35:04.207881","updated":"2022-09-15T17:35:04.207881"}
2022-09-15 17:35:04.217  INFO 2728 --- [Pool-1-worker-1] .m.s.l.RequestResponseLoggingInterceptor : GET http://localhost:41351/api/rest/orders/62d91108-cca4-4bac-9f34-da277538b4ee [Accept:"application/json, application/*+json", Content-Length:"0"]
2022-09-15 17:35:04.217  INFO 2728 --- [Pool-1-worker-1] .m.s.l.RequestResponseLoggingInterceptor : 
2022-09-15 17:35:04.217  INFO 2728 --- [Pool-1-worker-1] .m.s.l.RequestResponseLoggingInterceptor : GET http://localhost:41351/api/rest/orders/62d91108-cca4-4bac-9f34-da277538b4ee [Accept:"application/json, application/*+json", Content-Length:"0"]
2022-09-15 17:35:04.217  INFO 2728 --- [Pool-1-worker-1] .m.s.l.RequestResponseLoggingInterceptor : 
2022-09-15 17:35:04.253  INFO 2728 --- [Pool-1-worker-1] .m.s.l.RequestResponseLoggingInterceptor : 200 OK  [Connection:"keep-alive", Content-Type:"application/json", Date:"Thu, 15 Sep 2022 17:35:03 GMT", Keep-Alive:"timeout=60", Transfer-Encoding:"chunked"]
2022-09-15 17:35:04.255  INFO 2728 --- [Pool-1-worker-1] .m.s.l.RequestResponseLoggingInterceptor : {"id":"62d91108-cca4-4bac-9f34-da277538b4ee","email":"foo@bar.baz","comment":null,"version":0,"created":"2022-09-15T17:35:04.207881","updated":"2022-09-15T17:35:04.207881"}
2022-09-15 17:35:04.255  INFO 2728 --- [Pool-1-worker-1] .m.s.l.RequestResponseLoggingInterceptor : 200 OK  [Connection:"keep-alive", Content-Type:"application/json", Date:"Thu, 15 Sep 2022 17:35:03 GMT", Keep-Alive:"timeout=60", Transfer-Encoding:"chunked"]
2022-09-15 17:35:04.256  INFO 2728 --- [Pool-1-worker-1] .m.s.l.RequestResponseLoggingInterceptor : {"id":"62d91108-cca4-4bac-9f34-da277538b4ee","email":"foo@bar.baz","comment":null,"version":0,"created":"2022-09-15T17:35:04.207881","updated":"2022-09-15T17:35:04.207881"}
2022-09-15 17:35:04.259  INFO 2728 --- [Pool-1-worker-1] .m.s.l.RequestResponseLoggingInterceptor : PUT http://localhost:41351/api/rest/orders/62d91108-cca4-4bac-9f34-da277538b4ee [Accept:"application/json, application/*+json", Content-Type:"application/json", Content-Length:"180"]
2022-09-15 17:35:04.259  INFO 2728 --- [Pool-1-worker-1] .m.s.l.RequestResponseLoggingInterceptor : {"id":"62d91108-cca4-4bac-9f34-da277538b4ee","email":"foo@bar.baz_updated","comment":null,"version":0,"created":"2022-09-15T17:35:04.207881","updated":"2022-09-15T17:35:04.207881"}
2022-09-15 17:35:04.259  INFO 2728 --- [Pool-1-worker-1] .m.s.l.RequestResponseLoggingInterceptor : PUT http://localhost:41351/api/rest/orders/62d91108-cca4-4bac-9f34-da277538b4ee [Accept:"application/json, application/*+json", Content-Type:"application/json", Content-Length:"180"]
2022-09-15 17:35:04.259  INFO 2728 --- [Pool-1-worker-1] .m.s.l.RequestResponseLoggingInterceptor : {"id":"62d91108-cca4-4bac-9f34-da277538b4ee","email":"foo@bar.baz_updated","comment":null,"version":0,"created":"2022-09-15T17:35:04.207881","updated":"2022-09-15T17:35:04.207881"}
2022-09-15 17:35:04.282  INFO 2728 --- [Pool-1-worker-1] .m.s.l.RequestResponseLoggingInterceptor : 200 OK  [Connection:"keep-alive", Content-Type:"application/json", Date:"Thu, 15 Sep 2022 17:35:03 GMT", Keep-Alive:"timeout=60", Transfer-Encoding:"chunked"]
2022-09-15 17:35:04.285  INFO 2728 --- [Pool-1-worker-3] .m.s.l.RequestResponseLoggingInterceptor : 201 CREATED  [Connection:"keep-alive", Content-Type:"application/json", Date:"Thu, 15 Sep 2022 17:35:03 GMT", Keep-Alive:"timeout=60", Transfer-Encoding:"chunked"]
2022-09-15 17:35:04.288  INFO 2728 --- [Pool-1-worker-1] .m.s.l.RequestResponseLoggingInterceptor : {"id":"62d91108-cca4-4bac-9f34-da277538b4ee","email":"foo@bar.baz_updated","comment":null,"version":1,"created":"2022-09-15T17:35:04.207881","updated":"2022-09-15T17:35:04.270159"}
2022-09-15 17:35:04.288  INFO 2728 --- [Pool-1-worker-1] .m.s.l.RequestResponseLoggingInterceptor : 200 OK  [Connection:"keep-alive", Content-Type:"application/json", Date:"Thu, 15 Sep 2022 17:35:03 GMT", Keep-Alive:"timeout=60", Transfer-Encoding:"chunked"]
2022-09-15 17:35:04.288  INFO 2728 --- [Pool-1-worker-1] .m.s.l.RequestResponseLoggingInterceptor : {"id":"62d91108-cca4-4bac-9f34-da277538b4ee","email":"foo@bar.baz_updated","comment":null,"version":1,"created":"2022-09-15T17:35:04.207881","updated":"2022-09-15T17:35:04.270159"}
2022-09-15 17:35:04.290  INFO 2728 --- [Pool-1-worker-1] .m.s.l.RequestResponseLoggingInterceptor : GET http://localhost:41351/api/rest/orders/62d91108-cca4-4bac-9f34-da277538b4ee [Accept:"application/json, application/*+json", Content-Length:"0"]
2022-09-15 17:35:04.291  INFO 2728 --- [Pool-1-worker-1] .m.s.l.RequestResponseLoggingInterceptor : 
2022-09-15 17:35:04.291  INFO 2728 --- [Pool-1-worker-1] .m.s.l.RequestResponseLoggingInterceptor : GET http://localhost:41351/api/rest/orders/62d91108-cca4-4bac-9f34-da277538b4ee [Accept:"application/json, application/*+json", Content-Length:"0"]
2022-09-15 17:35:04.291  INFO 2728 --- [Pool-1-worker-1] .m.s.l.RequestResponseLoggingInterceptor : 
2022-09-15 17:35:04.295  INFO 2728 --- [Pool-1-worker-1] .m.s.l.RequestResponseLoggingInterceptor : 200 OK  [Connection:"keep-alive", Content-Type:"application/json", Date:"Thu, 15 Sep 2022 17:35:03 GMT", Keep-Alive:"timeout=60", Transfer-Encoding:"chunked"]
2022-09-15 17:35:04.297  INFO 2728 --- [Pool-1-worker-3] .m.s.l.RequestResponseLoggingInterceptor : {"id":{"left":{"id":"be6aeada-3af7-4c7a-8886-de8821924272","name":"LOTR 1","description":"Lord or the rings:  The Fellowship of the Ring","price":3.44,"version":0,"created":"2022-09-15T17:35:02.844694","updated":"2022-09-15T17:35:02.844694"},"right":{"id":"3c62dd7b-898a-4547-b1e4-c39be5fd54c5","name":"LOTR 2","description":"Lord or the rings:  The Two Towers","price":3.44,"version":0,"created":"2022-09-15T17:35:02.846096","updated":"2022-09-15T17:35:02.846096"}},"description":"Part of LOTR trilogy"}
2022-09-15 17:35:04.297  INFO 2728 --- [Pool-1-worker-3] .m.s.l.RequestResponseLoggingInterceptor : 201 CREATED  [Connection:"keep-alive", Content-Type:"application/json", Date:"Thu, 15 Sep 2022 17:35:03 GMT", Keep-Alive:"timeout=60", Transfer-Encoding:"chunked"]
2022-09-15 17:35:04.297  INFO 2728 --- [Pool-1-worker-3] .m.s.l.RequestResponseLoggingInterceptor : {"id":{"left":{"id":"be6aeada-3af7-4c7a-8886-de8821924272","name":"LOTR 1","description":"Lord or the rings:  The Fellowship of the Ring","price":3.44,"version":0,"created":"2022-09-15T17:35:02.844694","updated":"2022-09-15T17:35:02.844694"},"right":{"id":"3c62dd7b-898a-4547-b1e4-c39be5fd54c5","name":"LOTR 2","description":"Lord or the rings:  The Two Towers","price":3.44,"version":0,"created":"2022-09-15T17:35:02.846096","updated":"2022-09-15T17:35:02.846096"}},"description":"Part of LOTR trilogy"}
2022-09-15 17:35:04.298 DEBUG 2728 --- [Pool-1-worker-3] mykotlinpackage.test.RestServicesIT      : Look up relationship mykotlinpackage.model.ProductRelationship@791df3f1[id=mykotlinpackage.model.ProductRelationshipIdentifier@3f1d344,description=Part of LOTR trilogy_updated]
2022-09-15 17:35:04.299 DEBUG 2728 --- [Pool-1-worker-3] mykotlinpackage.test.RestServicesIT      : Look up relationship for ID: be6aeada-3af7-4c7a-8886-de8821924272_3c62dd7b-898a-4547-b1e4-c39be5fd54c5
2022-09-15 17:35:04.300  INFO 2728 --- [Pool-1-worker-3] .m.s.l.RequestResponseLoggingInterceptor : PUT http://localhost:41351/api/rest/productRelationships/be6aeada-3af7-4c7a-8886-de8821924272_3c62dd7b-898a-4547-b1e4-c39be5fd54c5 [Accept:"application/json, application/*+json", Content-Type:"application/json", Content-Length:"512"]
2022-09-15 17:35:04.300  INFO 2728 --- [Pool-1-worker-3] .m.s.l.RequestResponseLoggingInterceptor : {"id":{"left":{"id":"be6aeada-3af7-4c7a-8886-de8821924272","name":"LOTR 1","description":"Lord or the rings:  The Fellowship of the Ring","price":3.44,"version":0,"created":"2022-09-15T17:35:02.844694","updated":"2022-09-15T17:35:02.844694"},"right":{"id":"3c62dd7b-898a-4547-b1e4-c39be5fd54c5","name":"LOTR 2","description":"Lord or the rings:  The Two Towers","price":3.44,"version":0,"created":"2022-09-15T17:35:02.846096","updated":"2022-09-15T17:35:02.846096"}},"description":"Part of LOTR trilogy_updated"}
2022-09-15 17:35:04.301  INFO 2728 --- [Pool-1-worker-3] .m.s.l.RequestResponseLoggingInterceptor : PUT http://localhost:41351/api/rest/productRelationships/be6aeada-3af7-4c7a-8886-de8821924272_3c62dd7b-898a-4547-b1e4-c39be5fd54c5 [Accept:"application/json, application/*+json", Content-Type:"application/json", Content-Length:"512"]
2022-09-15 17:35:04.301  INFO 2728 --- [Pool-1-worker-3] .m.s.l.RequestResponseLoggingInterceptor : {"id":{"left":{"id":"be6aeada-3af7-4c7a-8886-de8821924272","name":"LOTR 1","description":"Lord or the rings:  The Fellowship of the Ring","price":3.44,"version":0,"created":"2022-09-15T17:35:02.844694","updated":"2022-09-15T17:35:02.844694"},"right":{"id":"3c62dd7b-898a-4547-b1e4-c39be5fd54c5","name":"LOTR 2","description":"Lord or the rings:  The Two Towers","price":3.44,"version":0,"created":"2022-09-15T17:35:02.846096","updated":"2022-09-15T17:35:02.846096"}},"description":"Part of LOTR trilogy_updated"}
2022-09-15 17:35:04.308  INFO 2728 --- [Pool-1-worker-1] .m.s.l.RequestResponseLoggingInterceptor : {"id":"62d91108-cca4-4bac-9f34-da277538b4ee","email":"foo@bar.baz_updated","comment":null,"version":1,"created":"2022-09-15T17:35:04.207881","updated":"2022-09-15T17:35:04.270159"}
2022-09-15 17:35:04.309  INFO 2728 --- [Pool-1-worker-1] .m.s.l.RequestResponseLoggingInterceptor : 200 OK  [Connection:"keep-alive", Content-Type:"application/json", Date:"Thu, 15 Sep 2022 17:35:03 GMT", Keep-Alive:"timeout=60", Transfer-Encoding:"chunked"]
2022-09-15 17:35:04.309  INFO 2728 --- [Pool-1-worker-1] .m.s.l.RequestResponseLoggingInterceptor : {"id":"62d91108-cca4-4bac-9f34-da277538b4ee","email":"foo@bar.baz_updated","comment":null,"version":1,"created":"2022-09-15T17:35:04.207881","updated":"2022-09-15T17:35:04.270159"}
2022-09-15 17:35:04.313  INFO 2728 --- [Pool-1-worker-1] .m.s.l.RequestResponseLoggingInterceptor : PATCH http://localhost:41351/api/rest/orders/62d91108-cca4-4bac-9f34-da277538b4ee [Accept:"application/json, application/*+json", Content-Type:"application/json", Content-Length:"83"]
2022-09-15 17:35:04.313  INFO 2728 --- [Pool-1-worker-1] .m.s.l.RequestResponseLoggingInterceptor : {"id":"62d91108-cca4-4bac-9f34-da277538b4ee","email":"foo@bar.baz_updated_patched"}
2022-09-15 17:35:04.313  INFO 2728 --- [Pool-1-worker-1] .m.s.l.RequestResponseLoggingInterceptor : PATCH http://localhost:41351/api/rest/orders/62d91108-cca4-4bac-9f34-da277538b4ee [Accept:"application/json, application/*+json", Content-Type:"application/json", Content-Length:"83"]
2022-09-15 17:35:04.313  INFO 2728 --- [Pool-1-worker-1] .m.s.l.RequestResponseLoggingInterceptor : {"id":"62d91108-cca4-4bac-9f34-da277538b4ee","email":"foo@bar.baz_updated_patched"}
2022-09-15 17:35:04.329  INFO 2728 --- [Pool-1-worker-1] .m.s.l.RequestResponseLoggingInterceptor : 200 OK  [Connection:"keep-alive", Content-Type:"application/json", Date:"Thu, 15 Sep 2022 17:35:03 GMT", Keep-Alive:"timeout=60", Transfer-Encoding:"chunked"]
2022-09-15 17:35:04.333  INFO 2728 --- [Pool-1-worker-3] .m.s.l.RequestResponseLoggingInterceptor : 200 OK  [Connection:"keep-alive", Content-Type:"application/json", Date:"Thu, 15 Sep 2022 17:35:03 GMT", Keep-Alive:"timeout=60", Transfer-Encoding:"chunked"]
2022-09-15 17:35:04.333  INFO 2728 --- [Pool-1-worker-3] .m.s.l.RequestResponseLoggingInterceptor : {"id":{"left":{"id":"be6aeada-3af7-4c7a-8886-de8821924272","name":"LOTR 1","description":"Lord or the rings:  The Fellowship of the Ring","price":3.44,"version":0,"created":"2022-09-15T17:35:02.844694","updated":"2022-09-15T17:35:02.844694"},"right":{"id":"3c62dd7b-898a-4547-b1e4-c39be5fd54c5","name":"LOTR 2","description":"Lord or the rings:  The Two Towers","price":3.44,"version":0,"created":"2022-09-15T17:35:02.846096","updated":"2022-09-15T17:35:02.846096"}},"description":"Part of LOTR trilogy_updated"}
2022-09-15 17:35:04.333  INFO 2728 --- [Pool-1-worker-3] .m.s.l.RequestResponseLoggingInterceptor : 200 OK  [Connection:"keep-alive", Content-Type:"application/json", Date:"Thu, 15 Sep 2022 17:35:03 GMT", Keep-Alive:"timeout=60", Transfer-Encoding:"chunked"]
2022-09-15 17:35:04.334  INFO 2728 --- [Pool-1-worker-3] .m.s.l.RequestResponseLoggingInterceptor : {"id":{"left":{"id":"be6aeada-3af7-4c7a-8886-de8821924272","name":"LOTR 1","description":"Lord or the rings:  The Fellowship of the Ring","price":3.44,"version":0,"created":"2022-09-15T17:35:02.844694","updated":"2022-09-15T17:35:02.844694"},"right":{"id":"3c62dd7b-898a-4547-b1e4-c39be5fd54c5","name":"LOTR 2","description":"Lord or the rings:  The Two Towers","price":3.44,"version":0,"created":"2022-09-15T17:35:02.846096","updated":"2022-09-15T17:35:02.846096"}},"description":"Part of LOTR trilogy_updated"}
2022-09-15 17:35:04.335  INFO 2728 --- [Pool-1-worker-3] .m.s.l.RequestResponseLoggingInterceptor : PATCH http://localhost:41351/api/rest/productRelationships/be6aeada-3af7-4c7a-8886-de8821924272_3c62dd7b-898a-4547-b1e4-c39be5fd54c5 [Accept:"application/json, application/*+json", Content-Type:"application/json", Content-Length:"54"]
2022-09-15 17:35:04.335  INFO 2728 --- [Pool-1-worker-3] .m.s.l.RequestResponseLoggingInterceptor : {"description":"Part of LOTR trilogy_updated_patched"}
2022-09-15 17:35:04.335  INFO 2728 --- [Pool-1-worker-3] .m.s.l.RequestResponseLoggingInterceptor : PATCH http://localhost:41351/api/rest/productRelationships/be6aeada-3af7-4c7a-8886-de8821924272_3c62dd7b-898a-4547-b1e4-c39be5fd54c5 [Accept:"application/json, application/*+json", Content-Type:"application/json", Content-Length:"54"]
2022-09-15 17:35:04.335  INFO 2728 --- [Pool-1-worker-3] .m.s.l.RequestResponseLoggingInterceptor : {"description":"Part of LOTR trilogy_updated_patched"}
2022-09-15 17:35:04.342  INFO 2728 --- [Pool-1-worker-1] .m.s.l.RequestResponseLoggingInterceptor : {"id":"62d91108-cca4-4bac-9f34-da277538b4ee","email":"foo@bar.baz_updated_patched","comment":null,"version":2,"created":"2022-09-15T17:35:04.207881","updated":"2022-09-15T17:35:04.327366"}
2022-09-15 17:35:04.342  INFO 2728 --- [Pool-1-worker-1] .m.s.l.RequestResponseLoggingInterceptor : 200 OK  [Connection:"keep-alive", Content-Type:"application/json", Date:"Thu, 15 Sep 2022 17:35:03 GMT", Keep-Alive:"timeout=60", Transfer-Encoding:"chunked"]
2022-09-15 17:35:04.342  INFO 2728 --- [Pool-1-worker-1] .m.s.l.RequestResponseLoggingInterceptor : {"id":"62d91108-cca4-4bac-9f34-da277538b4ee","email":"foo@bar.baz_updated_patched","comment":null,"version":2,"created":"2022-09-15T17:35:04.207881","updated":"2022-09-15T17:35:04.327366"}
2022-09-15 17:35:04.343  INFO 2728 --- [Pool-1-worker-1] .m.s.l.RequestResponseLoggingInterceptor : GET http://localhost:41351/api/rest/orders/62d91108-cca4-4bac-9f34-da277538b4ee [Accept:"application/json, application/*+json", Content-Length:"0"]
2022-09-15 17:35:04.343  INFO 2728 --- [Pool-1-worker-1] .m.s.l.RequestResponseLoggingInterceptor : 
2022-09-15 17:35:04.343  INFO 2728 --- [Pool-1-worker-1] .m.s.l.RequestResponseLoggingInterceptor : GET http://localhost:41351/api/rest/orders/62d91108-cca4-4bac-9f34-da277538b4ee [Accept:"application/json, application/*+json", Content-Length:"0"]
2022-09-15 17:35:04.344  INFO 2728 --- [Pool-1-worker-1] .m.s.l.RequestResponseLoggingInterceptor : 
2022-09-15 17:35:04.354  INFO 2728 --- [Pool-1-worker-1] .m.s.l.RequestResponseLoggingInterceptor : 200 OK  [Connection:"keep-alive", Content-Type:"application/json", Date:"Thu, 15 Sep 2022 17:35:03 GMT", Keep-Alive:"timeout=60", Transfer-Encoding:"chunked"]
2022-09-15 17:35:04.361  INFO 2728 --- [Pool-1-worker-3] .m.s.l.RequestResponseLoggingInterceptor : 200 OK  [Connection:"keep-alive", Content-Type:"application/json", Date:"Thu, 15 Sep 2022 17:35:03 GMT", Keep-Alive:"timeout=60", Transfer-Encoding:"chunked"]
2022-09-15 17:35:04.362  INFO 2728 --- [Pool-1-worker-1] .m.s.l.RequestResponseLoggingInterceptor : {"id":"62d91108-cca4-4bac-9f34-da277538b4ee","email":"foo@bar.baz_updated_patched","comment":null,"version":2,"created":"2022-09-15T17:35:04.207881","updated":"2022-09-15T17:35:04.327366"}
2022-09-15 17:35:04.362  INFO 2728 --- [Pool-1-worker-1] .m.s.l.RequestResponseLoggingInterceptor : 200 OK  [Connection:"keep-alive", Content-Type:"application/json", Date:"Thu, 15 Sep 2022 17:35:03 GMT", Keep-Alive:"timeout=60", Transfer-Encoding:"chunked"]
2022-09-15 17:35:04.362  INFO 2728 --- [Pool-1-worker-1] .m.s.l.RequestResponseLoggingInterceptor : {"id":"62d91108-cca4-4bac-9f34-da277538b4ee","email":"foo@bar.baz_updated_patched","comment":null,"version":2,"created":"2022-09-15T17:35:04.207881","updated":"2022-09-15T17:35:04.327366"}
2022-09-15 17:35:04.376 DEBUG 2728 --- [Pool-1-worker-1] mykotlinpackage.test.RestServicesIT      : Saving order line: mykotlinpackage.model.OrderLine@1457f418[id=ac53cf34-b3b3-4c52-bc43-6d9415c797fc,version=<null>,quantity=2,lineTotal=<null>,product=be6aeada-3af7-4c7a-8886-de8821924272,order=62d91108-cca4-4bac-9f34-da277538b4ee] for order mykotlinpackage.model.Order@201d0ea7[id=62d91108-cca4-4bac-9f34-da277538b4ee,version=2,created=2022-09-15T17:35:04.207881,updated=2022-09-15T17:35:04.327366,email=foo@bar.baz_updated_patched,comment=<null>]
2022-09-15 17:35:04.378  INFO 2728 --- [Pool-1-worker-3] .m.s.l.RequestResponseLoggingInterceptor : {"id":{"left":{"id":"be6aeada-3af7-4c7a-8886-de8821924272","name":"LOTR 1","description":"Lord or the rings:  The Fellowship of the Ring","price":3.44,"version":0,"created":"2022-09-15T17:35:02.844694","updated":"2022-09-15T17:35:02.844694"},"right":{"id":"3c62dd7b-898a-4547-b1e4-c39be5fd54c5","name":"LOTR 2","description":"Lord or the rings:  The Two Towers","price":3.44,"version":0,"created":"2022-09-15T17:35:02.846096","updated":"2022-09-15T17:35:02.846096"}},"description":"Part of LOTR trilogy_updated_patched"}
2022-09-15 17:35:04.378  INFO 2728 --- [Pool-1-worker-3] .m.s.l.RequestResponseLoggingInterceptor : 200 OK  [Connection:"keep-alive", Content-Type:"application/json", Date:"Thu, 15 Sep 2022 17:35:03 GMT", Keep-Alive:"timeout=60", Transfer-Encoding:"chunked"]
2022-09-15 17:35:04.378  INFO 2728 --- [Pool-1-worker-3] .m.s.l.RequestResponseLoggingInterceptor : {"id":{"left":{"id":"be6aeada-3af7-4c7a-8886-de8821924272","name":"LOTR 1","description":"Lord or the rings:  The Fellowship of the Ring","price":3.44,"version":0,"created":"2022-09-15T17:35:02.844694","updated":"2022-09-15T17:35:02.844694"},"right":{"id":"3c62dd7b-898a-4547-b1e4-c39be5fd54c5","name":"LOTR 2","description":"Lord or the rings:  The Two Towers","price":3.44,"version":0,"created":"2022-09-15T17:35:02.846096","updated":"2022-09-15T17:35:02.846096"}},"description":"Part of LOTR trilogy_updated_patched"}
2022-09-15 17:35:04.382  INFO 2728 --- [Pool-1-worker-3] .m.s.l.RequestResponseLoggingInterceptor : GET http://localhost:41351/api/rest/productRelationships/be6aeada-3af7-4c7a-8886-de8821924272_3c62dd7b-898a-4547-b1e4-c39be5fd54c5 [Accept:"application/json, application/*+json", Content-Length:"0"]
2022-09-15 17:35:04.382  INFO 2728 --- [Pool-1-worker-3] .m.s.l.RequestResponseLoggingInterceptor : 
2022-09-15 17:35:04.382  INFO 2728 --- [Pool-1-worker-3] .m.s.l.RequestResponseLoggingInterceptor : GET http://localhost:41351/api/rest/productRelationships/be6aeada-3af7-4c7a-8886-de8821924272_3c62dd7b-898a-4547-b1e4-c39be5fd54c5 [Accept:"application/json, application/*+json", Content-Length:"0"]
2022-09-15 17:35:04.383  INFO 2728 --- [Pool-1-worker-3] .m.s.l.RequestResponseLoggingInterceptor : 
2022-09-15 17:35:04.395  INFO 2728 --- [Pool-1-worker-3] .m.s.l.RequestResponseLoggingInterceptor : 200 OK  [Connection:"keep-alive", Content-Type:"application/json", Date:"Thu, 15 Sep 2022 17:35:03 GMT", Keep-Alive:"timeout=60", Transfer-Encoding:"chunked"]
2022-09-15 17:35:04.398  INFO 2728 --- [Pool-1-worker-1] .m.s.l.RequestResponseLoggingInterceptor : POST http://localhost:41351/api/rest/orderLines [Accept:"application/json, application/*+json", Content-Type:"application/json", Content-Length:"525"]
2022-09-15 17:35:04.400  INFO 2728 --- [Pool-1-worker-3] .m.s.l.RequestResponseLoggingInterceptor : {"id":{"left":{"id":"be6aeada-3af7-4c7a-8886-de8821924272","name":"LOTR 1","description":"Lord or the rings:  The Fellowship of the Ring","price":3.44,"version":0,"created":"2022-09-15T17:35:02.844694","updated":"2022-09-15T17:35:02.844694"},"right":{"id":"3c62dd7b-898a-4547-b1e4-c39be5fd54c5","name":"LOTR 2","description":"Lord or the rings:  The Two Towers","price":3.44,"version":0,"created":"2022-09-15T17:35:02.846096","updated":"2022-09-15T17:35:02.846096"}},"description":"Part of LOTR trilogy_updated_patched"}
2022-09-15 17:35:04.400  INFO 2728 --- [Pool-1-worker-3] .m.s.l.RequestResponseLoggingInterceptor : 200 OK  [Connection:"keep-alive", Content-Type:"application/json", Date:"Thu, 15 Sep 2022 17:35:03 GMT", Keep-Alive:"timeout=60", Transfer-Encoding:"chunked"]
2022-09-15 17:35:04.400  INFO 2728 --- [Pool-1-worker-3] .m.s.l.RequestResponseLoggingInterceptor : {"id":{"left":{"id":"be6aeada-3af7-4c7a-8886-de8821924272","name":"LOTR 1","description":"Lord or the rings:  The Fellowship of the Ring","price":3.44,"version":0,"created":"2022-09-15T17:35:02.844694","updated":"2022-09-15T17:35:02.844694"},"right":{"id":"3c62dd7b-898a-4547-b1e4-c39be5fd54c5","name":"LOTR 2","description":"Lord or the rings:  The Two Towers","price":3.44,"version":0,"created":"2022-09-15T17:35:02.846096","updated":"2022-09-15T17:35:02.846096"}},"description":"Part of LOTR trilogy_updated_patched"}
2022-09-15 17:35:04.401 DEBUG 2728 --- [Pool-1-worker-3] mykotlinpackage.test.RestServicesIT      : Saving product relationship: mykotlinpackage.model.ProductRelationship@8c56541[id=mykotlinpackage.model.ProductRelationshipIdentifier@ce72cbfd,description=Part of LOTR trilogy]
2022-09-15 17:35:04.402  INFO 2728 --- [Pool-1-worker-3] .m.s.l.RequestResponseLoggingInterceptor : POST http://localhost:41351/api/rest/productRelationships [Accept:"application/json, application/*+json", Content-Type:"application/json", Content-Length:"512"]
2022-09-15 17:35:04.402  INFO 2728 --- [Pool-1-worker-3] .m.s.l.RequestResponseLoggingInterceptor : {"id":{"left":{"id":"be6aeada-3af7-4c7a-8886-de8821924272","name":"LOTR 1","description":"Lord or the rings:  The Fellowship of the Ring","price":3.44,"version":0,"created":"2022-09-15T17:35:02.844694","updated":"2022-09-15T17:35:02.844694"},"right":{"id":"d2ea33c2-62f9-43fa-809d-6d263f928f56","name":"LOTR 3","description":"Lord or the rings:  The Return of the King","price":3.44,"version":0,"created":"2022-09-15T17:35:02.849672","updated":"2022-09-15T17:35:02.849672"}},"description":"Part of LOTR trilogy"}
2022-09-15 17:35:04.402  INFO 2728 --- [Pool-1-worker-3] .m.s.l.RequestResponseLoggingInterceptor : POST http://localhost:41351/api/rest/productRelationships [Accept:"application/json, application/*+json", Content-Type:"application/json", Content-Length:"512"]
2022-09-15 17:35:04.402  INFO 2728 --- [Pool-1-worker-3] .m.s.l.RequestResponseLoggingInterceptor : {"id":{"left":{"id":"be6aeada-3af7-4c7a-8886-de8821924272","name":"LOTR 1","description":"Lord or the rings:  The Fellowship of the Ring","price":3.44,"version":0,"created":"2022-09-15T17:35:02.844694","updated":"2022-09-15T17:35:02.844694"},"right":{"id":"d2ea33c2-62f9-43fa-809d-6d263f928f56","name":"LOTR 3","description":"Lord or the rings:  The Return of the King","price":3.44,"version":0,"created":"2022-09-15T17:35:02.849672","updated":"2022-09-15T17:35:02.849672"}},"description":"Part of LOTR trilogy"}
2022-09-15 17:35:04.409  INFO 2728 --- [Pool-1-worker-3] .m.s.l.RequestResponseLoggingInterceptor : 201 CREATED  [Connection:"keep-alive", Content-Type:"application/json", Date:"Thu, 15 Sep 2022 17:35:03 GMT", Keep-Alive:"timeout=60", Transfer-Encoding:"chunked"]
2022-09-15 17:35:04.410  INFO 2728 --- [Pool-1-worker-3] .m.s.l.RequestResponseLoggingInterceptor : {"id":{"left":{"id":"be6aeada-3af7-4c7a-8886-de8821924272","name":"LOTR 1","description":"Lord or the rings:  The Fellowship of the Ring","price":3.44,"version":0,"created":"2022-09-15T17:35:02.844694","updated":"2022-09-15T17:35:02.844694"},"right":{"id":"d2ea33c2-62f9-43fa-809d-6d263f928f56","name":"LOTR 3","description":"Lord or the rings:  The Return of the King","price":3.44,"version":0,"created":"2022-09-15T17:35:02.849672","updated":"2022-09-15T17:35:02.849672"}},"description":"Part of LOTR trilogy"}
2022-09-15 17:35:04.410  INFO 2728 --- [Pool-1-worker-3] .m.s.l.RequestResponseLoggingInterceptor : 201 CREATED  [Connection:"keep-alive", Content-Type:"application/json", Date:"Thu, 15 Sep 2022 17:35:03 GMT", Keep-Alive:"timeout=60", Transfer-Encoding:"chunked"]
2022-09-15 17:35:04.410  INFO 2728 --- [Pool-1-worker-3] .m.s.l.RequestResponseLoggingInterceptor : {"id":{"left":{"id":"be6aeada-3af7-4c7a-8886-de8821924272","name":"LOTR 1","description":"Lord or the rings:  The Fellowship of the Ring","price":3.44,"version":0,"created":"2022-09-15T17:35:02.844694","updated":"2022-09-15T17:35:02.844694"},"right":{"id":"d2ea33c2-62f9-43fa-809d-6d263f928f56","name":"LOTR 3","description":"Lord or the rings:  The Return of the King","price":3.44,"version":0,"created":"2022-09-15T17:35:02.849672","updated":"2022-09-15T17:35:02.849672"}},"description":"Part of LOTR trilogy"}
2022-09-15 17:35:04.411 DEBUG 2728 --- [Pool-1-worker-3] mykotlinpackage.test.RestServicesIT      : Look up relationship mykotlinpackage.model.ProductRelationship@169ce24a[id=mykotlinpackage.model.ProductRelationshipIdentifier@775db3a6,description=Part of LOTR trilogy_updated]
2022-09-15 17:35:04.411 DEBUG 2728 --- [Pool-1-worker-3] mykotlinpackage.test.RestServicesIT      : Look up relationship for ID: be6aeada-3af7-4c7a-8886-de8821924272_d2ea33c2-62f9-43fa-809d-6d263f928f56
2022-09-15 17:35:04.420  INFO 2728 --- [Pool-1-worker-1] .m.s.l.RequestResponseLoggingInterceptor : {"id":"ac53cf34-b3b3-4c52-bc43-6d9415c797fc","quantity":2,"lineTotal":null,"product":{"id":"be6aeada-3af7-4c7a-8886-de8821924272","name":"LOTR 1","description":"Lord or the rings:  The Fellowship of the Ring","price":3.44,"version":0,"created":"2022-09-15T17:35:02.844694","updated":"2022-09-15T17:35:02.844694"},"order":{"id":"62d91108-cca4-4bac-9f34-da277538b4ee","email":"foo@bar.baz_updated_patched","comment":null,"version":2,"created":"2022-09-15T17:35:04.207881","updated":"2022-09-15T17:35:04.327366"},"version":null}
2022-09-15 17:35:04.420  INFO 2728 --- [Pool-1-worker-1] .m.s.l.RequestResponseLoggingInterceptor : POST http://localhost:41351/api/rest/orderLines [Accept:"application/json, application/*+json", Content-Type:"application/json", Content-Length:"525"]
2022-09-15 17:35:04.420  INFO 2728 --- [Pool-1-worker-1] .m.s.l.RequestResponseLoggingInterceptor : {"id":"ac53cf34-b3b3-4c52-bc43-6d9415c797fc","quantity":2,"lineTotal":null,"product":{"id":"be6aeada-3af7-4c7a-8886-de8821924272","name":"LOTR 1","description":"Lord or the rings:  The Fellowship of the Ring","price":3.44,"version":0,"created":"2022-09-15T17:35:02.844694","updated":"2022-09-15T17:35:02.844694"},"order":{"id":"62d91108-cca4-4bac-9f34-da277538b4ee","email":"foo@bar.baz_updated_patched","comment":null,"version":2,"created":"2022-09-15T17:35:04.207881","updated":"2022-09-15T17:35:04.327366"},"version":null}
2022-09-15 17:35:04.428  INFO 2728 --- [Pool-1-worker-1] .m.s.l.RequestResponseLoggingInterceptor : 201 CREATED  [Connection:"keep-alive", Content-Type:"application/json", Date:"Thu, 15 Sep 2022 17:35:03 GMT", Keep-Alive:"timeout=60", Transfer-Encoding:"chunked"]
2022-09-15 17:35:04.429  INFO 2728 --- [Pool-1-worker-1] .m.s.l.RequestResponseLoggingInterceptor : {"id":"ac53cf34-b3b3-4c52-bc43-6d9415c797fc","quantity":2,"lineTotal":null,"product":{"id":"be6aeada-3af7-4c7a-8886-de8821924272","name":"LOTR 1","description":"Lord or the rings:  The Fellowship of the Ring","price":3.44,"version":0,"created":"2022-09-15T17:35:02.844694","updated":"2022-09-15T17:35:02.844694"},"order":{"id":"62d91108-cca4-4bac-9f34-da277538b4ee","email":"foo@bar.baz_updated_patched","comment":null,"version":2,"created":"2022-09-15T17:35:04.207881","updated":"2022-09-15T17:35:04.327366"},"version":0}
2022-09-15 17:35:04.429  INFO 2728 --- [Pool-1-worker-1] .m.s.l.RequestResponseLoggingInterceptor : 201 CREATED  [Connection:"keep-alive", Content-Type:"application/json", Date:"Thu, 15 Sep 2022 17:35:03 GMT", Keep-Alive:"timeout=60", Transfer-Encoding:"chunked"]
2022-09-15 17:35:04.429  INFO 2728 --- [Pool-1-worker-1] .m.s.l.RequestResponseLoggingInterceptor : {"id":"ac53cf34-b3b3-4c52-bc43-6d9415c797fc","quantity":2,"lineTotal":null,"product":{"id":"be6aeada-3af7-4c7a-8886-de8821924272","name":"LOTR 1","description":"Lord or the rings:  The Fellowship of the Ring","price":3.44,"version":0,"created":"2022-09-15T17:35:02.844694","updated":"2022-09-15T17:35:02.844694"},"order":{"id":"62d91108-cca4-4bac-9f34-da277538b4ee","email":"foo@bar.baz_updated_patched","comment":null,"version":2,"created":"2022-09-15T17:35:04.207881","updated":"2022-09-15T17:35:04.327366"},"version":0}
2022-09-15 17:35:04.431 DEBUG 2728 --- [Pool-1-worker-1] mykotlinpackage.test.RestServicesIT      : Saving order line: mykotlinpackage.model.OrderLine@54446167[id=b9db83e1-960b-4dd9-9259-e52bfa95e5b4,version=<null>,quantity=2,lineTotal=<null>,product=3c62dd7b-898a-4547-b1e4-c39be5fd54c5,order=62d91108-cca4-4bac-9f34-da277538b4ee] for order mykotlinpackage.model.Order@201d0ea7[id=62d91108-cca4-4bac-9f34-da277538b4ee,version=2,created=2022-09-15T17:35:04.207881,updated=2022-09-15T17:35:04.327366,email=foo@bar.baz_updated_patched,comment=<null>]
2022-09-15 17:35:04.433  INFO 2728 --- [Pool-1-worker-1] .m.s.l.RequestResponseLoggingInterceptor : POST http://localhost:41351/api/rest/orderLines [Accept:"application/json, application/*+json", Content-Type:"application/json", Content-Length:"513"]
2022-09-15 17:35:04.433  INFO 2728 --- [Pool-1-worker-1] .m.s.l.RequestResponseLoggingInterceptor : {"id":"b9db83e1-960b-4dd9-9259-e52bfa95e5b4","quantity":2,"lineTotal":null,"product":{"id":"3c62dd7b-898a-4547-b1e4-c39be5fd54c5","name":"LOTR 2","description":"Lord or the rings:  The Two Towers","price":3.44,"version":0,"created":"2022-09-15T17:35:02.846096","updated":"2022-09-15T17:35:02.846096"},"order":{"id":"62d91108-cca4-4bac-9f34-da277538b4ee","email":"foo@bar.baz_updated_patched","comment":null,"version":2,"created":"2022-09-15T17:35:04.207881","updated":"2022-09-15T17:35:04.327366"},"version":null}
2022-09-15 17:35:04.433  INFO 2728 --- [Pool-1-worker-1] .m.s.l.RequestResponseLoggingInterceptor : POST http://localhost:41351/api/rest/orderLines [Accept:"application/json, application/*+json", Content-Type:"application/json", Content-Length:"513"]
2022-09-15 17:35:04.433  INFO 2728 --- [Pool-1-worker-1] .m.s.l.RequestResponseLoggingInterceptor : {"id":"b9db83e1-960b-4dd9-9259-e52bfa95e5b4","quantity":2,"lineTotal":null,"product":{"id":"3c62dd7b-898a-4547-b1e4-c39be5fd54c5","name":"LOTR 2","description":"Lord or the rings:  The Two Towers","price":3.44,"version":0,"created":"2022-09-15T17:35:02.846096","updated":"2022-09-15T17:35:02.846096"},"order":{"id":"62d91108-cca4-4bac-9f34-da277538b4ee","email":"foo@bar.baz_updated_patched","comment":null,"version":2,"created":"2022-09-15T17:35:04.207881","updated":"2022-09-15T17:35:04.327366"},"version":null}
2022-09-15 17:35:04.440  INFO 2728 --- [Pool-1-worker-1] .m.s.l.RequestResponseLoggingInterceptor : 201 CREATED  [Connection:"keep-alive", Content-Type:"application/json", Date:"Thu, 15 Sep 2022 17:35:03 GMT", Keep-Alive:"timeout=60", Transfer-Encoding:"chunked"]
2022-09-15 17:35:04.441  INFO 2728 --- [Pool-1-worker-1] .m.s.l.RequestResponseLoggingInterceptor : {"id":"b9db83e1-960b-4dd9-9259-e52bfa95e5b4","quantity":2,"lineTotal":null,"product":{"id":"3c62dd7b-898a-4547-b1e4-c39be5fd54c5","name":"LOTR 2","description":"Lord or the rings:  The Two Towers","price":3.44,"version":0,"created":"2022-09-15T17:35:02.846096","updated":"2022-09-15T17:35:02.846096"},"order":{"id":"62d91108-cca4-4bac-9f34-da277538b4ee","email":"foo@bar.baz_updated_patched","comment":null,"version":2,"created":"2022-09-15T17:35:04.207881","updated":"2022-09-15T17:35:04.327366"},"version":0}
2022-09-15 17:35:04.441  INFO 2728 --- [Pool-1-worker-1] .m.s.l.RequestResponseLoggingInterceptor : 201 CREATED  [Connection:"keep-alive", Content-Type:"application/json", Date:"Thu, 15 Sep 2022 17:35:03 GMT", Keep-Alive:"timeout=60", Transfer-Encoding:"chunked"]
2022-09-15 17:35:04.441  INFO 2728 --- [Pool-1-worker-1] .m.s.l.RequestResponseLoggingInterceptor : {"id":"b9db83e1-960b-4dd9-9259-e52bfa95e5b4","quantity":2,"lineTotal":null,"product":{"id":"3c62dd7b-898a-4547-b1e4-c39be5fd54c5","name":"LOTR 2","description":"Lord or the rings:  The Two Towers","price":3.44,"version":0,"created":"2022-09-15T17:35:02.846096","updated":"2022-09-15T17:35:02.846096"},"order":{"id":"62d91108-cca4-4bac-9f34-da277538b4ee","email":"foo@bar.baz_updated_patched","comment":null,"version":2,"created":"2022-09-15T17:35:04.207881","updated":"2022-09-15T17:35:04.327366"},"version":0}
2022-09-15 17:35:04.442 DEBUG 2728 --- [Pool-1-worker-1] mykotlinpackage.test.RestServicesIT      : Saving order line: mykotlinpackage.model.OrderLine@37531713[id=7e0ee7f3-7612-4a5c-a595-c8eba9695384,version=<null>,quantity=2,lineTotal=<null>,product=d2ea33c2-62f9-43fa-809d-6d263f928f56,order=62d91108-cca4-4bac-9f34-da277538b4ee] for order mykotlinpackage.model.Order@201d0ea7[id=62d91108-cca4-4bac-9f34-da277538b4ee,version=2,created=2022-09-15T17:35:04.207881,updated=2022-09-15T17:35:04.327366,email=foo@bar.baz_updated_patched,comment=<null>]
2022-09-15 17:35:04.443  INFO 2728 --- [Pool-1-worker-1] .m.s.l.RequestResponseLoggingInterceptor : POST http://localhost:41351/api/rest/orderLines [Accept:"application/json, application/*+json", Content-Type:"application/json", Content-Length:"521"]
2022-09-15 17:35:04.443  INFO 2728 --- [Pool-1-worker-1] .m.s.l.RequestResponseLoggingInterceptor : {"id":"7e0ee7f3-7612-4a5c-a595-c8eba9695384","quantity":2,"lineTotal":null,"product":{"id":"d2ea33c2-62f9-43fa-809d-6d263f928f56","name":"LOTR 3","description":"Lord or the rings:  The Return of the King","price":3.44,"version":0,"created":"2022-09-15T17:35:02.849672","updated":"2022-09-15T17:35:02.849672"},"order":{"id":"62d91108-cca4-4bac-9f34-da277538b4ee","email":"foo@bar.baz_updated_patched","comment":null,"version":2,"created":"2022-09-15T17:35:04.207881","updated":"2022-09-15T17:35:04.327366"},"version":null}
2022-09-15 17:35:04.443  INFO 2728 --- [Pool-1-worker-1] .m.s.l.RequestResponseLoggingInterceptor : POST http://localhost:41351/api/rest/orderLines [Accept:"application/json, application/*+json", Content-Type:"application/json", Content-Length:"521"]
2022-09-15 17:35:04.443  INFO 2728 --- [Pool-1-worker-1] .m.s.l.RequestResponseLoggingInterceptor : {"id":"7e0ee7f3-7612-4a5c-a595-c8eba9695384","quantity":2,"lineTotal":null,"product":{"id":"d2ea33c2-62f9-43fa-809d-6d263f928f56","name":"LOTR 3","description":"Lord or the rings:  The Return of the King","price":3.44,"version":0,"created":"2022-09-15T17:35:02.849672","updated":"2022-09-15T17:35:02.849672"},"order":{"id":"62d91108-cca4-4bac-9f34-da277538b4ee","email":"foo@bar.baz_updated_patched","comment":null,"version":2,"created":"2022-09-15T17:35:04.207881","updated":"2022-09-15T17:35:04.327366"},"version":null}
2022-09-15 17:35:04.441  INFO 2728 --- [Pool-1-worker-3] .m.s.l.RequestResponseLoggingInterceptor : PUT http://localhost:41351/api/rest/productRelationships/be6aeada-3af7-4c7a-8886-de8821924272_d2ea33c2-62f9-43fa-809d-6d263f928f56 [Accept:"application/json, application/*+json", Content-Type:"application/json", Content-Length:"520"]
2022-09-15 17:35:04.448  INFO 2728 --- [Pool-1-worker-3] .m.s.l.RequestResponseLoggingInterceptor : {"id":{"left":{"id":"be6aeada-3af7-4c7a-8886-de8821924272","name":"LOTR 1","description":"Lord or the rings:  The Fellowship of the Ring","price":3.44,"version":0,"created":"2022-09-15T17:35:02.844694","updated":"2022-09-15T17:35:02.844694"},"right":{"id":"d2ea33c2-62f9-43fa-809d-6d263f928f56","name":"LOTR 3","description":"Lord or the rings:  The Return of the King","price":3.44,"version":0,"created":"2022-09-15T17:35:02.849672","updated":"2022-09-15T17:35:02.849672"}},"description":"Part of LOTR trilogy_updated"}
2022-09-15 17:35:04.448  INFO 2728 --- [Pool-1-worker-3] .m.s.l.RequestResponseLoggingInterceptor : PUT http://localhost:41351/api/rest/productRelationships/be6aeada-3af7-4c7a-8886-de8821924272_d2ea33c2-62f9-43fa-809d-6d263f928f56 [Accept:"application/json, application/*+json", Content-Type:"application/json", Content-Length:"520"]
2022-09-15 17:35:04.452  INFO 2728 --- [Pool-1-worker-3] .m.s.l.RequestResponseLoggingInterceptor : {"id":{"left":{"id":"be6aeada-3af7-4c7a-8886-de8821924272","name":"LOTR 1","description":"Lord or the rings:  The Fellowship of the Ring","price":3.44,"version":0,"created":"2022-09-15T17:35:02.844694","updated":"2022-09-15T17:35:02.844694"},"right":{"id":"d2ea33c2-62f9-43fa-809d-6d263f928f56","name":"LOTR 3","description":"Lord or the rings:  The Return of the King","price":3.44,"version":0,"created":"2022-09-15T17:35:02.849672","updated":"2022-09-15T17:35:02.849672"}},"description":"Part of LOTR trilogy_updated"}
2022-09-15 17:35:04.460  INFO 2728 --- [Pool-1-worker-3] .m.s.l.RequestResponseLoggingInterceptor : 200 OK  [Connection:"keep-alive", Content-Type:"application/json", Date:"Thu, 15 Sep 2022 17:35:03 GMT", Keep-Alive:"timeout=60", Transfer-Encoding:"chunked"]
2022-09-15 17:35:04.461  INFO 2728 --- [Pool-1-worker-3] .m.s.l.RequestResponseLoggingInterceptor : {"id":{"left":{"id":"be6aeada-3af7-4c7a-8886-de8821924272","name":"LOTR 1","description":"Lord or the rings:  The Fellowship of the Ring","price":3.44,"version":0,"created":"2022-09-15T17:35:02.844694","updated":"2022-09-15T17:35:02.844694"},"right":{"id":"d2ea33c2-62f9-43fa-809d-6d263f928f56","name":"LOTR 3","description":"Lord or the rings:  The Return of the King","price":3.44,"version":0,"created":"2022-09-15T17:35:02.849672","updated":"2022-09-15T17:35:02.849672"}},"description":"Part of LOTR trilogy_updated"}
2022-09-15 17:35:04.461  INFO 2728 --- [Pool-1-worker-3] .m.s.l.RequestResponseLoggingInterceptor : 200 OK  [Connection:"keep-alive", Content-Type:"application/json", Date:"Thu, 15 Sep 2022 17:35:03 GMT", Keep-Alive:"timeout=60", Transfer-Encoding:"chunked"]
2022-09-15 17:35:04.462  INFO 2728 --- [Pool-1-worker-3] .m.s.l.RequestResponseLoggingInterceptor : {"id":{"left":{"id":"be6aeada-3af7-4c7a-8886-de8821924272","name":"LOTR 1","description":"Lord or the rings:  The Fellowship of the Ring","price":3.44,"version":0,"created":"2022-09-15T17:35:02.844694","updated":"2022-09-15T17:35:02.844694"},"right":{"id":"d2ea33c2-62f9-43fa-809d-6d263f928f56","name":"LOTR 3","description":"Lord or the rings:  The Return of the King","price":3.44,"version":0,"created":"2022-09-15T17:35:02.849672","updated":"2022-09-15T17:35:02.849672"}},"description":"Part of LOTR trilogy_updated"}
2022-09-15 17:35:04.463  INFO 2728 --- [Pool-1-worker-3] .m.s.l.RequestResponseLoggingInterceptor : PATCH http://localhost:41351/api/rest/productRelationships/be6aeada-3af7-4c7a-8886-de8821924272_d2ea33c2-62f9-43fa-809d-6d263f928f56 [Accept:"application/json, application/*+json", Content-Type:"application/json", Content-Length:"54"]
2022-09-15 17:35:04.463  INFO 2728 --- [Pool-1-worker-3] .m.s.l.RequestResponseLoggingInterceptor : {"description":"Part of LOTR trilogy_updated_patched"}
2022-09-15 17:35:04.463  INFO 2728 --- [Pool-1-worker-3] .m.s.l.RequestResponseLoggingInterceptor : PATCH http://localhost:41351/api/rest/productRelationships/be6aeada-3af7-4c7a-8886-de8821924272_d2ea33c2-62f9-43fa-809d-6d263f928f56 [Accept:"application/json, application/*+json", Content-Type:"application/json", Content-Length:"54"]
2022-09-15 17:35:04.463  INFO 2728 --- [Pool-1-worker-3] .m.s.l.RequestResponseLoggingInterceptor : {"description":"Part of LOTR trilogy_updated_patched"}
2022-09-15 17:35:04.463  INFO 2728 --- [Pool-1-worker-1] .m.s.l.RequestResponseLoggingInterceptor : 201 CREATED  [Connection:"keep-alive", Content-Type:"application/json", Date:"Thu, 15 Sep 2022 17:35:03 GMT", Keep-Alive:"timeout=60", Transfer-Encoding:"chunked"]
2022-09-15 17:35:04.464  INFO 2728 --- [Pool-1-worker-1] .m.s.l.RequestResponseLoggingInterceptor : {"id":"7e0ee7f3-7612-4a5c-a595-c8eba9695384","quantity":2,"lineTotal":null,"product":{"id":"d2ea33c2-62f9-43fa-809d-6d263f928f56","name":"LOTR 3","description":"Lord or the rings:  The Return of the King","price":3.44,"version":0,"created":"2022-09-15T17:35:02.849672","updated":"2022-09-15T17:35:02.849672"},"order":{"id":"62d91108-cca4-4bac-9f34-da277538b4ee","email":"foo@bar.baz_updated_patched","comment":null,"version":2,"created":"2022-09-15T17:35:04.207881","updated":"2022-09-15T17:35:04.327366"},"version":0}
2022-09-15 17:35:04.464  INFO 2728 --- [Pool-1-worker-1] .m.s.l.RequestResponseLoggingInterceptor : 201 CREATED  [Connection:"keep-alive", Content-Type:"application/json", Date:"Thu, 15 Sep 2022 17:35:03 GMT", Keep-Alive:"timeout=60", Transfer-Encoding:"chunked"]
2022-09-15 17:35:04.464  INFO 2728 --- [Pool-1-worker-1] .m.s.l.RequestResponseLoggingInterceptor : {"id":"7e0ee7f3-7612-4a5c-a595-c8eba9695384","quantity":2,"lineTotal":null,"product":{"id":"d2ea33c2-62f9-43fa-809d-6d263f928f56","name":"LOTR 3","description":"Lord or the rings:  The Return of the King","price":3.44,"version":0,"created":"2022-09-15T17:35:02.849672","updated":"2022-09-15T17:35:02.849672"},"order":{"id":"62d91108-cca4-4bac-9f34-da277538b4ee","email":"foo@bar.baz_updated_patched","comment":null,"version":2,"created":"2022-09-15T17:35:04.207881","updated":"2022-09-15T17:35:04.327366"},"version":0}
2022-09-15 17:35:04.465 DEBUG 2728 --- [Pool-1-worker-1] mykotlinpackage.test.RestServicesIT      : Search for order lines
2022-09-15 17:35:04.472  INFO 2728 --- [Pool-1-worker-3] .m.s.l.RequestResponseLoggingInterceptor : 200 OK  [Connection:"keep-alive", Content-Type:"application/json", Date:"Thu, 15 Sep 2022 17:35:03 GMT", Keep-Alive:"timeout=60", Transfer-Encoding:"chunked"]
2022-09-15 17:35:04.476  INFO 2728 --- [Pool-1-worker-1] .m.s.l.RequestResponseLoggingInterceptor : GET http://localhost:41351/api/rest/orderLines [Accept:"application/json, application/*+json", Content-Length:"0"]
2022-09-15 17:35:04.477  INFO 2728 --- [Pool-1-worker-1] .m.s.l.RequestResponseLoggingInterceptor : 
2022-09-15 17:35:04.477  INFO 2728 --- [Pool-1-worker-1] .m.s.l.RequestResponseLoggingInterceptor : GET http://localhost:41351/api/rest/orderLines [Accept:"application/json, application/*+json", Content-Length:"0"]
2022-09-15 17:35:04.477  INFO 2728 --- [Pool-1-worker-1] .m.s.l.RequestResponseLoggingInterceptor : 
2022-09-15 17:35:04.485  INFO 2728 --- [Pool-1-worker-3] .m.s.l.RequestResponseLoggingInterceptor : {"id":{"left":{"id":"be6aeada-3af7-4c7a-8886-de8821924272","name":"LOTR 1","description":"Lord or the rings:  The Fellowship of the Ring","price":3.44,"version":0,"created":"2022-09-15T17:35:02.844694","updated":"2022-09-15T17:35:02.844694"},"right":{"id":"d2ea33c2-62f9-43fa-809d-6d263f928f56","name":"LOTR 3","description":"Lord or the rings:  The Return of the King","price":3.44,"version":0,"created":"2022-09-15T17:35:02.849672","updated":"2022-09-15T17:35:02.849672"}},"description":"Part of LOTR trilogy_updated_patched"}
2022-09-15 17:35:04.485  INFO 2728 --- [Pool-1-worker-3] .m.s.l.RequestResponseLoggingInterceptor : 200 OK  [Connection:"keep-alive", Content-Type:"application/json", Date:"Thu, 15 Sep 2022 17:35:03 GMT", Keep-Alive:"timeout=60", Transfer-Encoding:"chunked"]
2022-09-15 17:35:04.485  INFO 2728 --- [Pool-1-worker-3] .m.s.l.RequestResponseLoggingInterceptor : {"id":{"left":{"id":"be6aeada-3af7-4c7a-8886-de8821924272","name":"LOTR 1","description":"Lord or the rings:  The Fellowship of the Ring","price":3.44,"version":0,"created":"2022-09-15T17:35:02.844694","updated":"2022-09-15T17:35:02.844694"},"right":{"id":"d2ea33c2-62f9-43fa-809d-6d263f928f56","name":"LOTR 3","description":"Lord or the rings:  The Return of the King","price":3.44,"version":0,"created":"2022-09-15T17:35:02.849672","updated":"2022-09-15T17:35:02.849672"}},"description":"Part of LOTR trilogy_updated_patched"}
2022-09-15 17:35:04.486  INFO 2728 --- [Pool-1-worker-3] .m.s.l.RequestResponseLoggingInterceptor : GET http://localhost:41351/api/rest/productRelationships/be6aeada-3af7-4c7a-8886-de8821924272_d2ea33c2-62f9-43fa-809d-6d263f928f56 [Accept:"application/json, application/*+json", Content-Length:"0"]
2022-09-15 17:35:04.486  INFO 2728 --- [Pool-1-worker-3] .m.s.l.RequestResponseLoggingInterceptor : 
2022-09-15 17:35:04.486  INFO 2728 --- [Pool-1-worker-3] .m.s.l.RequestResponseLoggingInterceptor : GET http://localhost:41351/api/rest/productRelationships/be6aeada-3af7-4c7a-8886-de8821924272_d2ea33c2-62f9-43fa-809d-6d263f928f56 [Accept:"application/json, application/*+json", Content-Length:"0"]
2022-09-15 17:35:04.486  INFO 2728 --- [Pool-1-worker-3] .m.s.l.RequestResponseLoggingInterceptor : 
2022-09-15 17:35:04.497  INFO 2728 --- [Pool-1-worker-3] .m.s.l.RequestResponseLoggingInterceptor : 200 OK  [Connection:"keep-alive", Content-Type:"application/json", Date:"Thu, 15 Sep 2022 17:35:03 GMT", Keep-Alive:"timeout=60", Transfer-Encoding:"chunked"]
2022-09-15 17:35:04.502  INFO 2728 --- [Pool-1-worker-3] .m.s.l.RequestResponseLoggingInterceptor : {"id":{"left":{"id":"be6aeada-3af7-4c7a-8886-de8821924272","name":"LOTR 1","description":"Lord or the rings:  The Fellowship of the Ring","price":3.44,"version":0,"created":"2022-09-15T17:35:02.844694","updated":"2022-09-15T17:35:02.844694"},"right":{"id":"d2ea33c2-62f9-43fa-809d-6d263f928f56","name":"LOTR 3","description":"Lord or the rings:  The Return of the King","price":3.44,"version":0,"created":"2022-09-15T17:35:02.849672","updated":"2022-09-15T17:35:02.849672"}},"description":"Part of LOTR trilogy_updated_patched"}
2022-09-15 17:35:04.502  INFO 2728 --- [Pool-1-worker-3] .m.s.l.RequestResponseLoggingInterceptor : 200 OK  [Connection:"keep-alive", Content-Type:"application/json", Date:"Thu, 15 Sep 2022 17:35:03 GMT", Keep-Alive:"timeout=60", Transfer-Encoding:"chunked"]
2022-09-15 17:35:04.502  INFO 2728 --- [Pool-1-worker-3] .m.s.l.RequestResponseLoggingInterceptor : {"id":{"left":{"id":"be6aeada-3af7-4c7a-8886-de8821924272","name":"LOTR 1","description":"Lord or the rings:  The Fellowship of the Ring","price":3.44,"version":0,"created":"2022-09-15T17:35:02.844694","updated":"2022-09-15T17:35:02.844694"},"right":{"id":"d2ea33c2-62f9-43fa-809d-6d263f928f56","name":"LOTR 3","description":"Lord or the rings:  The Return of the King","price":3.44,"version":0,"created":"2022-09-15T17:35:02.849672","updated":"2022-09-15T17:35:02.849672"}},"description":"Part of LOTR trilogy_updated_patched"}
2022-09-15 17:35:04.503 DEBUG 2728 --- [Pool-1-worker-3] mykotlinpackage.test.RestServicesIT      : Saving product relationship: mykotlinpackage.model.ProductRelationship@1ae426d[id=mykotlinpackage.model.ProductRelationshipIdentifier@b0f0c576,description=Part of LOTR trilogy]
2022-09-15 17:35:04.504  INFO 2728 --- [Pool-1-worker-3] .m.s.l.RequestResponseLoggingInterceptor : POST http://localhost:41351/api/rest/productRelationships [Accept:"application/json, application/*+json", Content-Type:"application/json", Content-Length:"504"]
2022-09-15 17:35:04.505  INFO 2728 --- [Pool-1-worker-3] .m.s.l.RequestResponseLoggingInterceptor : {"id":{"left":{"id":"3c62dd7b-898a-4547-b1e4-c39be5fd54c5","name":"LOTR 2","description":"Lord or the rings:  The Two Towers","price":3.44,"version":0,"created":"2022-09-15T17:35:02.846096","updated":"2022-09-15T17:35:02.846096"},"right":{"id":"be6aeada-3af7-4c7a-8886-de8821924272","name":"LOTR 1","description":"Lord or the rings:  The Fellowship of the Ring","price":3.44,"version":0,"created":"2022-09-15T17:35:02.844694","updated":"2022-09-15T17:35:02.844694"}},"description":"Part of LOTR trilogy"}
2022-09-15 17:35:04.505  INFO 2728 --- [Pool-1-worker-3] .m.s.l.RequestResponseLoggingInterceptor : POST http://localhost:41351/api/rest/productRelationships [Accept:"application/json, application/*+json", Content-Type:"application/json", Content-Length:"504"]
2022-09-15 17:35:04.505  INFO 2728 --- [Pool-1-worker-3] .m.s.l.RequestResponseLoggingInterceptor : {"id":{"left":{"id":"3c62dd7b-898a-4547-b1e4-c39be5fd54c5","name":"LOTR 2","description":"Lord or the rings:  The Two Towers","price":3.44,"version":0,"created":"2022-09-15T17:35:02.846096","updated":"2022-09-15T17:35:02.846096"},"right":{"id":"be6aeada-3af7-4c7a-8886-de8821924272","name":"LOTR 1","description":"Lord or the rings:  The Fellowship of the Ring","price":3.44,"version":0,"created":"2022-09-15T17:35:02.844694","updated":"2022-09-15T17:35:02.844694"}},"description":"Part of LOTR trilogy"}
2022-09-15 17:35:04.510  INFO 2728 --- [Pool-1-worker-3] .m.s.l.RequestResponseLoggingInterceptor : 201 CREATED  [Connection:"keep-alive", Content-Type:"application/json", Date:"Thu, 15 Sep 2022 17:35:03 GMT", Keep-Alive:"timeout=60", Transfer-Encoding:"chunked"]
2022-09-15 17:35:04.511  INFO 2728 --- [Pool-1-worker-1] .m.s.l.RequestResponseLoggingInterceptor : 200 OK  [Connection:"keep-alive", Content-Type:"application/json", Date:"Thu, 15 Sep 2022 17:35:03 GMT", Keep-Alive:"timeout=60", Transfer-Encoding:"chunked"]
[...]
2022-09-15 17:35:04.783  INFO 2728 --- [Pool-1-worker-3] .m.s.l.RequestResponseLoggingInterceptor : 200 OK  [Connection:"keep-alive", Content-Type:"application/json", Date:"Thu, 15 Sep 2022 17:35:03 GMT", Keep-Alive:"timeout=60", Transfer-Encoding:"chunked"]
2022-09-15 17:35:04.783  INFO 2728 --- [Pool-1-worker-3] .m.s.l.RequestResponseLoggingInterceptor : {"id":{"left":{"id":"d2ea33c2-62f9-43fa-809d-6d263f928f56","name":"LOTR 3","description":"Lord or the rings:  The Return of the King","price":3.44,"version":0,"created":"2022-09-15T17:35:02.849672","updated":"2022-09-15T17:35:02.849672"},"right":{"id":"3c62dd7b-898a-4547-b1e4-c39be5fd54c5","name":"LOTR 2","description":"Lord or the rings:  The Two Towers","price":3.44,"version":0,"created":"2022-09-15T17:35:02.846096","updated":"2022-09-15T17:35:02.846096"}},"description":"Part of LOTR trilogy_updated_patched"}
2022-09-15 17:35:04.784  INFO 2728 --- [Pool-1-worker-3] .m.s.l.RequestResponseLoggingInterceptor : GET http://localhost:41351/api/rest/productRelationships/d2ea33c2-62f9-43fa-809d-6d263f928f56_3c62dd7b-898a-4547-b1e4-c39be5fd54c5 [Accept:"application/json, application/*+json", Content-Length:"0"]
2022-09-15 17:35:04.784  INFO 2728 --- [Pool-1-worker-3] .m.s.l.RequestResponseLoggingInterceptor : 
2022-09-15 17:35:04.784  INFO 2728 --- [Pool-1-worker-3] .m.s.l.RequestResponseLoggingInterceptor : GET http://localhost:41351/api/rest/productRelationships/d2ea33c2-62f9-43fa-809d-6d263f928f56_3c62dd7b-898a-4547-b1e4-c39be5fd54c5 [Accept:"application/json, application/*+json", Content-Length:"0"]
2022-09-15 17:35:04.784  INFO 2728 --- [Pool-1-worker-3] .m.s.l.RequestResponseLoggingInterceptor : 
2022-09-15 17:35:04.784  INFO 2728 --- [Pool-1-worker-3] .m.s.l.RequestResponseLoggingInterceptor : GET http://localhost:41351/api/rest/productRelationships/d2ea33c2-62f9-43fa-809d-6d263f928f56_3c62dd7b-898a-4547-b1e4-c39be5fd54c5 [Accept:"application/json, application/*+json", Content-Length:"0"]
2022-09-15 17:35:04.784  INFO 2728 --- [Pool-1-worker-3] .m.s.l.RequestResponseLoggingInterceptor : 
2022-09-15 17:35:04.785  INFO 2728 --- [Pool-1-worker-1] .m.s.l.RequestResponseLoggingInterceptor : 201 CREATED  [Connection:"keep-alive", Content-Type:"application/json", Date:"Thu, 15 Sep 2022 17:35:03 GMT", Keep-Alive:"timeout=60", Transfer-Encoding:"chunked"]
2022-09-15 17:35:04.786  INFO 2728 --- [Pool-1-worker-1] .m.s.l.RequestResponseLoggingInterceptor : {"name":"User2 Name2","phoneNumber":"12345567892","address":"Foo Av. 2 Bar, Baz"}
2022-09-15 17:35:04.786  INFO 2728 --- [Pool-1-worker-1] .m.s.l.RequestResponseLoggingInterceptor : 201 CREATED  [Connection:"keep-alive", Content-Type:"application/json", Date:"Thu, 15 Sep 2022 17:35:03 GMT", Keep-Alive:"timeout=60", Transfer-Encoding:"chunked"]
2022-09-15 17:35:04.786  INFO 2728 --- [Pool-1-worker-1] .m.s.l.RequestResponseLoggingInterceptor : {"name":"User2 Name2","phoneNumber":"12345567892","address":"Foo Av. 2 Bar, Baz"}
2022-09-15 17:35:04.786  INFO 2728 --- [Pool-1-worker-1] .m.s.l.RequestResponseLoggingInterceptor : 201 CREATED  [Connection:"keep-alive", Content-Type:"application/json", Date:"Thu, 15 Sep 2022 17:35:03 GMT", Keep-Alive:"timeout=60", Transfer-Encoding:"chunked"]
2022-09-15 17:35:04.786  INFO 2728 --- [Pool-1-worker-1] .m.s.l.RequestResponseLoggingInterceptor : {"name":"User2 Name2","phoneNumber":"12345567892","address":"Foo Av. 2 Bar, Baz"}
2022-09-15 17:35:04.787 DEBUG 2728 --- [Pool-1-worker-1] mykotlinpackage.test.RestServicesIT      : Saving customer: mykotlinpackage.model.Customer@72947369
2022-09-15 17:35:04.787  INFO 2728 --- [Pool-1-worker-1] .m.s.l.RequestResponseLoggingInterceptor : POST http://localhost:41351/api/rest/customers [Accept:"application/json, application/*+json", Content-Type:"application/json", Content-Length:"81"]
2022-09-15 17:35:04.787  INFO 2728 --- [Pool-1-worker-1] .m.s.l.RequestResponseLoggingInterceptor : {"name":"User3 Name3","phoneNumber":"12345567893","address":"Foo Av. 3 Bar, Baz"}
2022-09-15 17:35:04.787  INFO 2728 --- [Pool-1-worker-1] .m.s.l.RequestResponseLoggingInterceptor : POST http://localhost:41351/api/rest/customers [Accept:"application/json, application/*+json", Content-Type:"application/json", Content-Length:"81"]
2022-09-15 17:35:04.787  INFO 2728 --- [Pool-1-worker-1] .m.s.l.RequestResponseLoggingInterceptor : {"name":"User3 Name3","phoneNumber":"12345567893","address":"Foo Av. 3 Bar, Baz"}
2022-09-15 17:35:04.787  INFO 2728 --- [Pool-1-worker-1] .m.s.l.RequestResponseLoggingInterceptor : POST http://localhost:41351/api/rest/customers [Accept:"application/json, application/*+json", Content-Type:"application/json", Content-Length:"81"]
2022-09-15 17:35:04.787  INFO 2728 --- [Pool-1-worker-1] .m.s.l.RequestResponseLoggingInterceptor : {"name":"User3 Name3","phoneNumber":"12345567893","address":"Foo Av. 3 Bar, Baz"}
2022-09-15 17:35:04.791  INFO 2728 --- [Pool-1-worker-1] .m.s.l.RequestResponseLoggingInterceptor : 201 CREATED  [Connection:"keep-alive", Content-Type:"application/json", Date:"Thu, 15 Sep 2022 17:35:03 GMT", Keep-Alive:"timeout=60", Transfer-Encoding:"chunked"]
2022-09-15 17:35:04.804  INFO 2728 --- [Pool-1-worker-3] .m.s.l.RequestResponseLoggingInterceptor : 200 OK  [Connection:"keep-alive", Content-Type:"application/json", Date:"Thu, 15 Sep 2022 17:35:03 GMT", Keep-Alive:"timeout=60", Transfer-Encoding:"chunked"]
2022-09-15 17:35:04.804  INFO 2728 --- [Pool-1-worker-1] .m.s.l.RequestResponseLoggingInterceptor : {"name":"User3 Name3","phoneNumber":"12345567893","address":"Foo Av. 3 Bar, Baz"}
2022-09-15 17:35:04.804  INFO 2728 --- [Pool-1-worker-1] .m.s.l.RequestResponseLoggingInterceptor : 201 CREATED  [Connection:"keep-alive", Content-Type:"application/json", Date:"Thu, 15 Sep 2022 17:35:03 GMT", Keep-Alive:"timeout=60", Transfer-Encoding:"chunked"]
2022-09-15 17:35:04.804  INFO 2728 --- [Pool-1-worker-1] .m.s.l.RequestResponseLoggingInterceptor : {"name":"User3 Name3","phoneNumber":"12345567893","address":"Foo Av. 3 Bar, Baz"}
2022-09-15 17:35:04.804  INFO 2728 --- [Pool-1-worker-1] .m.s.l.RequestResponseLoggingInterceptor : 201 CREATED  [Connection:"keep-alive", Content-Type:"application/json", Date:"Thu, 15 Sep 2022 17:35:03 GMT", Keep-Alive:"timeout=60", Transfer-Encoding:"chunked"]
2022-09-15 17:35:04.804  INFO 2728 --- [Pool-1-worker-1] .m.s.l.RequestResponseLoggingInterceptor : {"name":"User3 Name3","phoneNumber":"12345567893","address":"Foo Av. 3 Bar, Baz"}
2022-09-15 17:35:04.805  INFO 2728 --- [Pool-1-worker-3] .m.s.l.RequestResponseLoggingInterceptor : {"id":{"left":{"id":"d2ea33c2-62f9-43fa-809d-6d263f928f56","name":"LOTR 3","description":"Lord or the rings:  The Return of the King","price":3.44,"version":0,"created":"2022-09-15T17:35:02.849672","updated":"2022-09-15T17:35:02.849672"},"right":{"id":"3c62dd7b-898a-4547-b1e4-c39be5fd54c5","name":"LOTR 2","description":"Lord or the rings:  The Two Towers","price":3.44,"version":0,"created":"2022-09-15T17:35:02.846096","updated":"2022-09-15T17:35:02.846096"}},"description":"Part of LOTR trilogy_updated_patched"}
2022-09-15 17:35:04.805  INFO 2728 --- [Pool-1-worker-3] .m.s.l.RequestResponseLoggingInterceptor : 200 OK  [Connection:"keep-alive", Content-Type:"application/json", Date:"Thu, 15 Sep 2022 17:35:03 GMT", Keep-Alive:"timeout=60", Transfer-Encoding:"chunked"]
2022-09-15 17:35:04.805  INFO 2728 --- [Pool-1-worker-3] .m.s.l.RequestResponseLoggingInterceptor : {"id":{"left":{"id":"d2ea33c2-62f9-43fa-809d-6d263f928f56","name":"LOTR 3","description":"Lord or the rings:  The Return of the King","price":3.44,"version":0,"created":"2022-09-15T17:35:02.849672","updated":"2022-09-15T17:35:02.849672"},"right":{"id":"3c62dd7b-898a-4547-b1e4-c39be5fd54c5","name":"LOTR 2","description":"Lord or the rings:  The Two Towers","price":3.44,"version":0,"created":"2022-09-15T17:35:02.846096","updated":"2022-09-15T17:35:02.846096"}},"description":"Part of LOTR trilogy_updated_patched"}
2022-09-15 17:35:04.805  INFO 2728 --- [Pool-1-worker-3] .m.s.l.RequestResponseLoggingInterceptor : 200 OK  [Connection:"keep-alive", Content-Type:"application/json", Date:"Thu, 15 Sep 2022 17:35:03 GMT", Keep-Alive:"timeout=60", Transfer-Encoding:"chunked"]
2022-09-15 17:35:04.805  INFO 2728 --- [Pool-1-worker-3] .m.s.l.RequestResponseLoggingInterceptor : {"id":{"left":{"id":"d2ea33c2-62f9-43fa-809d-6d263f928f56","name":"LOTR 3","description":"Lord or the rings:  The Return of the King","price":3.44,"version":0,"created":"2022-09-15T17:35:02.849672","updated":"2022-09-15T17:35:02.849672"},"right":{"id":"3c62dd7b-898a-4547-b1e4-c39be5fd54c5","name":"LOTR 2","description":"Lord or the rings:  The Two Towers","price":3.44,"version":0,"created":"2022-09-15T17:35:02.846096","updated":"2022-09-15T17:35:02.846096"}},"description":"Part of LOTR trilogy_updated_patched"}
2022-09-15 17:35:04.805  INFO 2728 --- [Pool-1-worker-1] mykotlinpackage.test.RestServicesIT      : Search customers
2022-09-15 17:35:04.809  INFO 2728 --- [Pool-1-worker-1] .m.s.l.RequestResponseLoggingInterceptor : GET http://localhost:41351/api/rest/customers?filter=name%3Dlike%3DName1 [Accept:"application/json, application/*+json", Content-Length:"0"]
2022-09-15 17:35:04.809  INFO 2728 --- [Pool-1-worker-1] .m.s.l.RequestResponseLoggingInterceptor : 
2022-09-15 17:35:04.810  INFO 2728 --- [Pool-1-worker-1] .m.s.l.RequestResponseLoggingInterceptor : GET http://localhost:41351/api/rest/customers?filter=name%3Dlike%3DName1 [Accept:"application/json, application/*+json", Content-Length:"0"]
2022-09-15 17:35:04.810  INFO 2728 --- [Pool-1-worker-1] .m.s.l.RequestResponseLoggingInterceptor : 
2022-09-15 17:35:04.810  INFO 2728 --- [Pool-1-worker-1] .m.s.l.RequestResponseLoggingInterceptor : GET http://localhost:41351/api/rest/customers?filter=name%3Dlike%3DName1 [Accept:"application/json, application/*+json", Content-Length:"0"]
2022-09-15 17:35:04.810  INFO 2728 --- [Pool-1-worker-1] .m.s.l.RequestResponseLoggingInterceptor : 
2022-09-15 17:35:04.816  INFO 2728 --- [Pool-1-worker-1] .m.s.l.RequestResponseLoggingInterceptor : 200 OK  [Connection:"keep-alive", Content-Type:"application/json", Date:"Thu, 15 Sep 2022 17:35:03 GMT", Keep-Alive:"timeout=60", Transfer-Encoding:"chunked"]
2022-09-15 17:35:04.817  INFO 2728 --- [Pool-1-worker-1] .m.s.l.RequestResponseLoggingInterceptor : {"content":[{"name":"User1 Name1","phoneNumber":"12345567891","address":"Foo Av. 1 Bar, Baz"}],"pageable":{"sort":{"unsorted":true,"sorted":false,"empty":true},"pageNumber":0,"pageSize":10,"offset":0,"paged":true,"unpaged":false},"last":true,"totalPages":1,"totalElements":1,"sort":{"unsorted":true,"sorted":false,"empty":true},"first":true,"numberOfElements":1,"size":10,"number":0,"empty":false}
2022-09-15 17:35:04.817  INFO 2728 --- [Pool-1-worker-1] .m.s.l.RequestResponseLoggingInterceptor : 200 OK  [Connection:"keep-alive", Content-Type:"application/json", Date:"Thu, 15 Sep 2022 17:35:03 GMT", Keep-Alive:"timeout=60", Transfer-Encoding:"chunked"]
2022-09-15 17:35:04.817  INFO 2728 --- [Pool-1-worker-1] .m.s.l.RequestResponseLoggingInterceptor : {"content":[{"name":"User1 Name1","phoneNumber":"12345567891","address":"Foo Av. 1 Bar, Baz"}],"pageable":{"sort":{"unsorted":true,"sorted":false,"empty":true},"pageNumber":0,"pageSize":10,"offset":0,"paged":true,"unpaged":false},"last":true,"totalPages":1,"totalElements":1,"sort":{"unsorted":true,"sorted":false,"empty":true},"first":true,"numberOfElements":1,"size":10,"number":0,"empty":false}
2022-09-15 17:35:04.818  INFO 2728 --- [Pool-1-worker-1] .m.s.l.RequestResponseLoggingInterceptor : 200 OK  [Connection:"keep-alive", Content-Type:"application/json", Date:"Thu, 15 Sep 2022 17:35:03 GMT", Keep-Alive:"timeout=60", Transfer-Encoding:"chunked"]
2022-09-15 17:35:04.818  INFO 2728 --- [Pool-1-worker-1] .m.s.l.RequestResponseLoggingInterceptor : {"content":[{"name":"User1 Name1","phoneNumber":"12345567891","address":"Foo Av. 1 Bar, Baz"}],"pageable":{"sort":{"unsorted":true,"sorted":false,"empty":true},"pageNumber":0,"pageSize":10,"offset":0,"paged":true,"unpaged":false},"last":true,"totalPages":1,"totalElements":1,"sort":{"unsorted":true,"sorted":false,"empty":true},"first":true,"numberOfElements":1,"size":10,"number":0,"empty":false}
2022-09-15 17:35:04.820  INFO 2728 --- [Pool-1-worker-1] .m.s.l.RequestResponseLoggingInterceptor : GET http://localhost:41351/api/rest/customers/User1%20Name1_12345567891 [Accept:"application/json, application/*+json", Content-Length:"0"]
2022-09-15 17:35:04.828  INFO 2728 --- [Pool-1-worker-1] .m.s.l.RequestResponseLoggingInterceptor : 
2022-09-15 17:35:04.828  INFO 2728 --- [Pool-1-worker-1] .m.s.l.RequestResponseLoggingInterceptor : GET http://localhost:41351/api/rest/customers/User1%20Name1_12345567891 [Accept:"application/json, application/*+json", Content-Length:"0"]
2022-09-15 17:35:04.828  INFO 2728 --- [Pool-1-worker-1] .m.s.l.RequestResponseLoggingInterceptor : 
2022-09-15 17:35:04.829  INFO 2728 --- [Pool-1-worker-1] .m.s.l.RequestResponseLoggingInterceptor : GET http://localhost:41351/api/rest/customers/User1%20Name1_12345567891 [Accept:"application/json, application/*+json", Content-Length:"0"]
2022-09-15 17:35:04.829  INFO 2728 --- [Pool-1-worker-1] .m.s.l.RequestResponseLoggingInterceptor : 
2022-09-15 17:35:04.832  INFO 2728 --- [Pool-1-worker-1] .m.s.l.RequestResponseLoggingInterceptor : 200 OK  [Connection:"keep-alive", Content-Type:"application/json", Date:"Thu, 15 Sep 2022 17:35:03 GMT", Keep-Alive:"timeout=60", Transfer-Encoding:"chunked"]
2022-09-15 17:35:04.833  INFO 2728 --- [Pool-1-worker-1] .m.s.l.RequestResponseLoggingInterceptor : {"name":"User1 Name1","phoneNumber":"12345567891","address":"Foo Av. 1 Bar, Baz"}
2022-09-15 17:35:04.833  INFO 2728 --- [Pool-1-worker-1] .m.s.l.RequestResponseLoggingInterceptor : 200 OK  [Connection:"keep-alive", Content-Type:"application/json", Date:"Thu, 15 Sep 2022 17:35:03 GMT", Keep-Alive:"timeout=60", Transfer-Encoding:"chunked"]
2022-09-15 17:35:04.834  INFO 2728 --- [Pool-1-worker-1] .m.s.l.RequestResponseLoggingInterceptor : {"name":"User1 Name1","phoneNumber":"12345567891","address":"Foo Av. 1 Bar, Baz"}
2022-09-15 17:35:04.834  INFO 2728 --- [Pool-1-worker-1] .m.s.l.RequestResponseLoggingInterceptor : 200 OK  [Connection:"keep-alive", Content-Type:"application/json", Date:"Thu, 15 Sep 2022 17:35:03 GMT", Keep-Alive:"timeout=60", Transfer-Encoding:"chunked"]
2022-09-15 17:35:04.834  INFO 2728 --- [Pool-1-worker-1] .m.s.l.RequestResponseLoggingInterceptor : {"name":"User1 Name1","phoneNumber":"12345567891","address":"Foo Av. 1 Bar, Baz"}
2022-09-15 17:35:04.835  INFO 2728 --- [Pool-1-worker-1] .m.s.l.RequestResponseLoggingInterceptor : PUT http://localhost:41351/api/rest/customers/User1%20Name1_12345567891 [Accept:"application/json, application/*+json", Content-Type:"application/json", Content-Length:"89"]
2022-09-15 17:35:04.835  INFO 2728 --- [Pool-1-worker-1] .m.s.l.RequestResponseLoggingInterceptor : {"name":"User1 Name1","phoneNumber":"12345567891","address":"Foo Av. 1 Bar, Baz updated"}
2022-09-15 17:35:04.836  INFO 2728 --- [Pool-1-worker-1] .m.s.l.RequestResponseLoggingInterceptor : PUT http://localhost:41351/api/rest/customers/User1%20Name1_12345567891 [Accept:"application/json, application/*+json", Content-Type:"application/json", Content-Length:"89"]
2022-09-15 17:35:04.836  INFO 2728 --- [Pool-1-worker-1] .m.s.l.RequestResponseLoggingInterceptor : {"name":"User1 Name1","phoneNumber":"12345567891","address":"Foo Av. 1 Bar, Baz updated"}
2022-09-15 17:35:04.836  INFO 2728 --- [Pool-1-worker-1] .m.s.l.RequestResponseLoggingInterceptor : PUT http://localhost:41351/api/rest/customers/User1%20Name1_12345567891 [Accept:"application/json, application/*+json", Content-Type:"application/json", Content-Length:"89"]
2022-09-15 17:35:04.836  INFO 2728 --- [Pool-1-worker-1] .m.s.l.RequestResponseLoggingInterceptor : {"name":"User1 Name1","phoneNumber":"12345567891","address":"Foo Av. 1 Bar, Baz updated"}
2022-09-15 17:35:04.842  INFO 2728 --- [Pool-1-worker-1] .m.s.l.RequestResponseLoggingInterceptor : 200 OK  [Connection:"keep-alive", Content-Type:"application/json", Date:"Thu, 15 Sep 2022 17:35:03 GMT", Keep-Alive:"timeout=60", Transfer-Encoding:"chunked"]
2022-09-15 17:35:04.843  INFO 2728 --- [Pool-1-worker-1] .m.s.l.RequestResponseLoggingInterceptor : {"name":"User1 Name1","phoneNumber":"12345567891","address":"Foo Av. 1 Bar, Baz updated"}
2022-09-15 17:35:04.843  INFO 2728 --- [Pool-1-worker-1] .m.s.l.RequestResponseLoggingInterceptor : 200 OK  [Connection:"keep-alive", Content-Type:"application/json", Date:"Thu, 15 Sep 2022 17:35:03 GMT", Keep-Alive:"timeout=60", Transfer-Encoding:"chunked"]
2022-09-15 17:35:04.843  INFO 2728 --- [Pool-1-worker-1] .m.s.l.RequestResponseLoggingInterceptor : {"name":"User1 Name1","phoneNumber":"12345567891","address":"Foo Av. 1 Bar, Baz updated"}
2022-09-15 17:35:04.844  INFO 2728 --- [Pool-1-worker-1] .m.s.l.RequestResponseLoggingInterceptor : 200 OK  [Connection:"keep-alive", Content-Type:"application/json", Date:"Thu, 15 Sep 2022 17:35:03 GMT", Keep-Alive:"timeout=60", Transfer-Encoding:"chunked"]
2022-09-15 17:35:04.844  INFO 2728 --- [Pool-1-worker-1] .m.s.l.RequestResponseLoggingInterceptor : {"name":"User1 Name1","phoneNumber":"12345567891","address":"Foo Av. 1 Bar, Baz updated"}
2022-09-15 17:35:04.845  INFO 2728 --- [Pool-1-worker-1] .m.s.l.RequestResponseLoggingInterceptor : GET http://localhost:41351/api/rest/customers/User1%20Name1_12345567891 [Accept:"application/json, application/*+json", Content-Length:"0"]
2022-09-15 17:35:04.845  INFO 2728 --- [Pool-1-worker-1] .m.s.l.RequestResponseLoggingInterceptor : 
2022-09-15 17:35:04.845  INFO 2728 --- [Pool-1-worker-1] .m.s.l.RequestResponseLoggingInterceptor : GET http://localhost:41351/api/rest/customers/User1%20Name1_12345567891 [Accept:"application/json, application/*+json", Content-Length:"0"]
2022-09-15 17:35:04.846  INFO 2728 --- [Pool-1-worker-1] .m.s.l.RequestResponseLoggingInterceptor : 
2022-09-15 17:35:04.846  INFO 2728 --- [Pool-1-worker-1] .m.s.l.RequestResponseLoggingInterceptor : GET http://localhost:41351/api/rest/customers/User1%20Name1_12345567891 [Accept:"application/json, application/*+json", Content-Length:"0"]
2022-09-15 17:35:04.846  INFO 2728 --- [Pool-1-worker-1] .m.s.l.RequestResponseLoggingInterceptor : 
2022-09-15 17:35:04.850  INFO 2728 --- [Pool-1-worker-1] .m.s.l.RequestResponseLoggingInterceptor : 200 OK  [Connection:"keep-alive", Content-Type:"application/json", Date:"Thu, 15 Sep 2022 17:35:03 GMT", Keep-Alive:"timeout=60", Transfer-Encoding:"chunked"]
2022-09-15 17:35:04.851  INFO 2728 --- [Pool-1-worker-1] .m.s.l.RequestResponseLoggingInterceptor : {"name":"User1 Name1","phoneNumber":"12345567891","address":"Foo Av. 1 Bar, Baz updated"}
2022-09-15 17:35:04.851  INFO 2728 --- [Pool-1-worker-1] .m.s.l.RequestResponseLoggingInterceptor : 200 OK  [Connection:"keep-alive", Content-Type:"application/json", Date:"Thu, 15 Sep 2022 17:35:03 GMT", Keep-Alive:"timeout=60", Transfer-Encoding:"chunked"]
2022-09-15 17:35:04.851  INFO 2728 --- [Pool-1-worker-1] .m.s.l.RequestResponseLoggingInterceptor : {"name":"User1 Name1","phoneNumber":"12345567891","address":"Foo Av. 1 Bar, Baz updated"}
2022-09-15 17:35:04.851  INFO 2728 --- [Pool-1-worker-1] .m.s.l.RequestResponseLoggingInterceptor : 200 OK  [Connection:"keep-alive", Content-Type:"application/json", Date:"Thu, 15 Sep 2022 17:35:03 GMT", Keep-Alive:"timeout=60", Transfer-Encoding:"chunked"]
2022-09-15 17:35:04.852  INFO 2728 --- [Pool-1-worker-1] .m.s.l.RequestResponseLoggingInterceptor : {"name":"User1 Name1","phoneNumber":"12345567891","address":"Foo Av. 1 Bar, Baz updated"}
]]></system-out>
  <system-err><![CDATA[]]></system-err>
</testsuite>
